{"C:\\Users\\satyo\\Documents\\developer projects\\helpers\\ai-fullstack-engineer\\project-01-typescript-api\\dist\\src\\app.js": {"path":"C:\\Users\\satyo\\Documents\\developer projects\\helpers\\ai-fullstack-engineer\\project-01-typescript-api\\dist\\src\\app.js","statementMap":{"0":{"start":{"line":2,"column":22},"end":{"line":4,"column":1}},"1":{"start":{"line":3,"column":4},"end":{"line":3,"column":62}},"2":{"start":{"line":5,"column":0},"end":{"line":5,"column":62}},"3":{"start":{"line":6,"column":18},"end":{"line":6,"column":53}},"4":{"start":{"line":7,"column":15},"end":{"line":7,"column":47}},"5":{"start":{"line":8,"column":17},"end":{"line":8,"column":51}},"6":{"start":{"line":9,"column":17},"end":{"line":9,"column":51}},"7":{"start":{"line":10,"column":22},"end":{"line":10,"column":70}},"8":{"start":{"line":11,"column":23},"end":{"line":11,"column":76}},"9":{"start":{"line":12,"column":22},"end":{"line":12,"column":70}},"10":{"start":{"line":13,"column":29},"end":{"line":13,"column":75}},"11":{"start":{"line":14,"column":18},"end":{"line":14,"column":62}},"12":{"start":{"line":15,"column":12},"end":{"line":15,"column":36}},"13":{"start":{"line":17,"column":0},"end":{"line":17,"column":33}},"14":{"start":{"line":19,"column":0},"end":{"line":21,"column":4}},"15":{"start":{"line":24,"column":0},"end":{"line":24,"column":102}},"16":{"start":{"line":26,"column":0},"end":{"line":26,"column":34}},"17":{"start":{"line":28,"column":0},"end":{"line":28,"column":45}},"18":{"start":{"line":29,"column":0},"end":{"line":29,"column":44}},"19":{"start":{"line":30,"column":0},"end":{"line":30,"column":112}},"20":{"start":{"line":32,"column":0},"end":{"line":32,"column":32}},"21":{"start":{"line":33,"column":0},"end":{"line":33,"column":22}}},"fnMap":{"0":{"name":"(anonymous_0)","decl":{"start":{"line":2,"column":56},"end":{"line":2,"column":57}},"loc":{"start":{"line":2,"column":71},"end":{"line":4,"column":1}},"line":2}},"branchMap":{"0":{"loc":{"start":{"line":2,"column":22},"end":{"line":4,"column":1}},"type":"binary-expr","locations":[{"start":{"line":2,"column":23},"end":{"line":2,"column":27}},{"start":{"line":2,"column":31},"end":{"line":2,"column":51}},{"start":{"line":2,"column":56},"end":{"line":4,"column":1}}],"line":2},"1":{"loc":{"start":{"line":3,"column":11},"end":{"line":3,"column":61}},"type":"cond-expr","locations":[{"start":{"line":3,"column":37},"end":{"line":3,"column":40}},{"start":{"line":3,"column":43},"end":{"line":3,"column":61}}],"line":3},"2":{"loc":{"start":{"line":3,"column":12},"end":{"line":3,"column":33}},"type":"binary-expr","locations":[{"start":{"line":3,"column":12},"end":{"line":3,"column":15}},{"start":{"line":3,"column":19},"end":{"line":3,"column":33}}],"line":3}},"s":{"0":2,"1":18,"2":2,"3":2,"4":2,"5":2,"6":2,"7":2,"8":2,"9":2,"10":2,"11":2,"12":2,"13":2,"14":2,"15":2,"16":2,"17":2,"18":2,"19":2,"20":2,"21":2},"f":{"0":18},"b":{"0":[2,2,2],"1":[8,10],"2":[18,18]},"inputSourceMap":null,"_coverageSchema":"1a1c01bbd47fc00a2c39e90264f33305004495a9","hash":"78c43d1ebdf78be0d5af764e7be102d3d06f045c"}
,"C:\\Users\\satyo\\Documents\\developer projects\\helpers\\ai-fullstack-engineer\\project-01-typescript-api\\dist\\src\\config\\swagger.js": {"path":"C:\\Users\\satyo\\Documents\\developer projects\\helpers\\ai-fullstack-engineer\\project-01-typescript-api\\dist\\src\\config\\swagger.js","statementMap":{"0":{"start":{"line":2,"column":22},"end":{"line":4,"column":1}},"1":{"start":{"line":3,"column":4},"end":{"line":3,"column":62}},"2":{"start":{"line":5,"column":0},"end":{"line":5,"column":62}},"3":{"start":{"line":6,"column":24},"end":{"line":6,"column":65}},"4":{"start":{"line":7,"column":16},"end":{"line":253,"column":1}},"5":{"start":{"line":254,"column":20},"end":{"line":254,"column":57}},"6":{"start":{"line":255,"column":0},"end":{"line":255,"column":30}}},"fnMap":{"0":{"name":"(anonymous_0)","decl":{"start":{"line":2,"column":56},"end":{"line":2,"column":57}},"loc":{"start":{"line":2,"column":71},"end":{"line":4,"column":1}},"line":2}},"branchMap":{"0":{"loc":{"start":{"line":2,"column":22},"end":{"line":4,"column":1}},"type":"binary-expr","locations":[{"start":{"line":2,"column":23},"end":{"line":2,"column":27}},{"start":{"line":2,"column":31},"end":{"line":2,"column":51}},{"start":{"line":2,"column":56},"end":{"line":4,"column":1}}],"line":2},"1":{"loc":{"start":{"line":3,"column":11},"end":{"line":3,"column":61}},"type":"cond-expr","locations":[{"start":{"line":3,"column":37},"end":{"line":3,"column":40}},{"start":{"line":3,"column":43},"end":{"line":3,"column":61}}],"line":3},"2":{"loc":{"start":{"line":3,"column":12},"end":{"line":3,"column":33}},"type":"binary-expr","locations":[{"start":{"line":3,"column":12},"end":{"line":3,"column":15}},{"start":{"line":3,"column":19},"end":{"line":3,"column":33}}],"line":3}},"s":{"0":2,"1":2,"2":2,"3":2,"4":2,"5":2,"6":2},"f":{"0":2},"b":{"0":[2,2,2],"1":[0,2],"2":[2,2]},"inputSourceMap":null,"_coverageSchema":"1a1c01bbd47fc00a2c39e90264f33305004495a9","hash":"385a0587ee54890b0833414efcc637e4b927020b"}
,"C:\\Users\\satyo\\Documents\\developer projects\\helpers\\ai-fullstack-engineer\\project-01-typescript-api\\dist\\src\\controllers\\auth.controller.js": {"path":"C:\\Users\\satyo\\Documents\\developer projects\\helpers\\ai-fullstack-engineer\\project-01-typescript-api\\dist\\src\\controllers\\auth.controller.js","statementMap":{"0":{"start":{"line":2,"column":22},"end":{"line":12,"column":3}},"1":{"start":{"line":3,"column":4},"end":{"line":3,"column":33}},"2":{"start":{"line":3,"column":26},"end":{"line":3,"column":33}},"3":{"start":{"line":4,"column":15},"end":{"line":4,"column":52}},"4":{"start":{"line":5,"column":4},"end":{"line":7,"column":5}},"5":{"start":{"line":6,"column":6},"end":{"line":6,"column":68}},"6":{"start":{"line":6,"column":51},"end":{"line":6,"column":63}},"7":{"start":{"line":8,"column":4},"end":{"line":8,"column":39}},"8":{"start":{"line":10,"column":4},"end":{"line":10,"column":33}},"9":{"start":{"line":10,"column":26},"end":{"line":10,"column":33}},"10":{"start":{"line":11,"column":4},"end":{"line":11,"column":17}},"11":{"start":{"line":13,"column":25},"end":{"line":17,"column":2}},"12":{"start":{"line":14,"column":4},"end":{"line":14,"column":72}},"13":{"start":{"line":16,"column":4},"end":{"line":16,"column":21}},"14":{"start":{"line":18,"column":19},"end":{"line":34,"column":4}},"15":{"start":{"line":19,"column":18},"end":{"line":26,"column":5}},"16":{"start":{"line":20,"column":8},"end":{"line":24,"column":10}},"17":{"start":{"line":21,"column":21},"end":{"line":21,"column":23}},"18":{"start":{"line":22,"column":12},"end":{"line":22,"column":95}},"19":{"start":{"line":22,"column":29},"end":{"line":22,"column":95}},"20":{"start":{"line":22,"column":77},"end":{"line":22,"column":95}},"21":{"start":{"line":23,"column":12},"end":{"line":23,"column":22}},"22":{"start":{"line":25,"column":8},"end":{"line":25,"column":26}},"23":{"start":{"line":27,"column":4},"end":{"line":33,"column":6}},"24":{"start":{"line":28,"column":8},"end":{"line":28,"column":46}},"25":{"start":{"line":28,"column":35},"end":{"line":28,"column":46}},"26":{"start":{"line":29,"column":21},"end":{"line":29,"column":23}},"27":{"start":{"line":30,"column":8},"end":{"line":30,"column":137}},"28":{"start":{"line":30,"column":25},"end":{"line":30,"column":137}},"29":{"start":{"line":30,"column":38},"end":{"line":30,"column":50}},"30":{"start":{"line":30,"column":56},"end":{"line":30,"column":57}},"31":{"start":{"line":30,"column":78},"end":{"line":30,"column":137}},"32":{"start":{"line":30,"column":102},"end":{"line":30,"column":137}},"33":{"start":{"line":31,"column":8},"end":{"line":31,"column":40}},"34":{"start":{"line":32,"column":8},"end":{"line":32,"column":22}},"35":{"start":{"line":35,"column":0},"end":{"line":35,"column":62}},"36":{"start":{"line":36,"column":0},"end":{"line":36,"column":93}},"37":{"start":{"line":37,"column":20},"end":{"line":37,"column":69}},"38":{"start":{"line":39,"column":17},"end":{"line":47,"column":1}},"39":{"start":{"line":40,"column":17},"end":{"line":40,"column":25}},"40":{"start":{"line":41,"column":17},"end":{"line":41,"column":53}},"41":{"start":{"line":42,"column":4},"end":{"line":46,"column":7}},"42":{"start":{"line":48,"column":0},"end":{"line":48,"column":28}},"43":{"start":{"line":50,"column":14},"end":{"line":60,"column":1}},"44":{"start":{"line":51,"column":32},"end":{"line":51,"column":40}},"45":{"start":{"line":52,"column":19},"end":{"line":52,"column":63}},"46":{"start":{"line":53,"column":4},"end":{"line":59,"column":7}},"47":{"start":{"line":61,"column":0},"end":{"line":61,"column":22}},"48":{"start":{"line":63,"column":14},"end":{"line":70,"column":1}},"49":{"start":{"line":64,"column":17},"end":{"line":65,"column":5}},"50":{"start":{"line":66,"column":4},"end":{"line":69,"column":7}},"51":{"start":{"line":71,"column":0},"end":{"line":71,"column":22}},"52":{"start":{"line":72,"column":16},"end":{"line":80,"column":1}},"53":{"start":{"line":73,"column":29},"end":{"line":73,"column":37}},"54":{"start":{"line":74,"column":19},"end":{"line":74,"column":69}},"55":{"start":{"line":75,"column":4},"end":{"line":79,"column":7}},"56":{"start":{"line":81,"column":0},"end":{"line":81,"column":26}},"57":{"start":{"line":82,"column":15},"end":{"line":89,"column":1}},"58":{"start":{"line":83,"column":29},"end":{"line":83,"column":37}},"59":{"start":{"line":84,"column":4},"end":{"line":84,"column":47}},"60":{"start":{"line":85,"column":4},"end":{"line":88,"column":7}},"61":{"start":{"line":90,"column":0},"end":{"line":90,"column":24}}},"fnMap":{"0":{"name":"(anonymous_0)","decl":{"start":{"line":2,"column":74},"end":{"line":2,"column":75}},"loc":{"start":{"line":2,"column":96},"end":{"line":9,"column":1}},"line":2},"1":{"name":"(anonymous_1)","decl":{"start":{"line":6,"column":38},"end":{"line":6,"column":39}},"loc":{"start":{"line":6,"column":49},"end":{"line":6,"column":65}},"line":6},"2":{"name":"(anonymous_2)","decl":{"start":{"line":9,"column":6},"end":{"line":9,"column":7}},"loc":{"start":{"line":9,"column":28},"end":{"line":12,"column":1}},"line":9},"3":{"name":"(anonymous_3)","decl":{"start":{"line":13,"column":80},"end":{"line":13,"column":81}},"loc":{"start":{"line":13,"column":95},"end":{"line":15,"column":1}},"line":13},"4":{"name":"(anonymous_4)","decl":{"start":{"line":15,"column":5},"end":{"line":15,"column":6}},"loc":{"start":{"line":15,"column":20},"end":{"line":17,"column":1}},"line":15},"5":{"name":"(anonymous_5)","decl":{"start":{"line":18,"column":51},"end":{"line":18,"column":52}},"loc":{"start":{"line":18,"column":63},"end":{"line":34,"column":1}},"line":18},"6":{"name":"(anonymous_6)","decl":{"start":{"line":19,"column":18},"end":{"line":19,"column":19}},"loc":{"start":{"line":19,"column":30},"end":{"line":26,"column":5}},"line":19},"7":{"name":"(anonymous_7)","decl":{"start":{"line":20,"column":48},"end":{"line":20,"column":49}},"loc":{"start":{"line":20,"column":61},"end":{"line":24,"column":9}},"line":20},"8":{"name":"(anonymous_8)","decl":{"start":{"line":27,"column":11},"end":{"line":27,"column":12}},"loc":{"start":{"line":27,"column":26},"end":{"line":33,"column":5}},"line":27},"9":{"name":"(anonymous_9)","decl":{"start":{"line":39,"column":17},"end":{"line":39,"column":18}},"loc":{"start":{"line":39,"column":37},"end":{"line":47,"column":1}},"line":39},"10":{"name":"(anonymous_10)","decl":{"start":{"line":50,"column":14},"end":{"line":50,"column":15}},"loc":{"start":{"line":50,"column":34},"end":{"line":60,"column":1}},"line":50},"11":{"name":"(anonymous_11)","decl":{"start":{"line":63,"column":14},"end":{"line":63,"column":15}},"loc":{"start":{"line":63,"column":34},"end":{"line":70,"column":1}},"line":63},"12":{"name":"(anonymous_12)","decl":{"start":{"line":72,"column":16},"end":{"line":72,"column":17}},"loc":{"start":{"line":72,"column":36},"end":{"line":80,"column":1}},"line":72},"13":{"name":"(anonymous_13)","decl":{"start":{"line":82,"column":15},"end":{"line":82,"column":16}},"loc":{"start":{"line":82,"column":35},"end":{"line":89,"column":1}},"line":82}},"branchMap":{"0":{"loc":{"start":{"line":2,"column":22},"end":{"line":12,"column":3}},"type":"binary-expr","locations":[{"start":{"line":2,"column":23},"end":{"line":2,"column":27}},{"start":{"line":2,"column":31},"end":{"line":2,"column":51}},{"start":{"line":2,"column":57},"end":{"line":12,"column":2}}],"line":2},"1":{"loc":{"start":{"line":2,"column":57},"end":{"line":12,"column":2}},"type":"cond-expr","locations":[{"start":{"line":2,"column":74},"end":{"line":9,"column":1}},{"start":{"line":9,"column":6},"end":{"line":12,"column":1}}],"line":2},"2":{"loc":{"start":{"line":3,"column":4},"end":{"line":3,"column":33}},"type":"if","locations":[{"start":{"line":3,"column":4},"end":{"line":3,"column":33}},{"start":{},"end":{}}],"line":3},"3":{"loc":{"start":{"line":5,"column":4},"end":{"line":7,"column":5}},"type":"if","locations":[{"start":{"line":5,"column":4},"end":{"line":7,"column":5}},{"start":{},"end":{}}],"line":5},"4":{"loc":{"start":{"line":5,"column":8},"end":{"line":5,"column":85}},"type":"binary-expr","locations":[{"start":{"line":5,"column":8},"end":{"line":5,"column":13}},{"start":{"line":5,"column":18},"end":{"line":5,"column":84}}],"line":5},"5":{"loc":{"start":{"line":5,"column":18},"end":{"line":5,"column":84}},"type":"cond-expr","locations":[{"start":{"line":5,"column":34},"end":{"line":5,"column":47}},{"start":{"line":5,"column":50},"end":{"line":5,"column":84}}],"line":5},"6":{"loc":{"start":{"line":5,"column":50},"end":{"line":5,"column":84}},"type":"binary-expr","locations":[{"start":{"line":5,"column":50},"end":{"line":5,"column":63}},{"start":{"line":5,"column":67},"end":{"line":5,"column":84}}],"line":5},"7":{"loc":{"start":{"line":10,"column":4},"end":{"line":10,"column":33}},"type":"if","locations":[{"start":{"line":10,"column":4},"end":{"line":10,"column":33}},{"start":{},"end":{}}],"line":10},"8":{"loc":{"start":{"line":13,"column":25},"end":{"line":17,"column":2}},"type":"binary-expr","locations":[{"start":{"line":13,"column":26},"end":{"line":13,"column":30}},{"start":{"line":13,"column":34},"end":{"line":13,"column":57}},{"start":{"line":13,"column":63},"end":{"line":17,"column":1}}],"line":13},"9":{"loc":{"start":{"line":13,"column":63},"end":{"line":17,"column":1}},"type":"cond-expr","locations":[{"start":{"line":13,"column":80},"end":{"line":15,"column":1}},{"start":{"line":15,"column":5},"end":{"line":17,"column":1}}],"line":13},"10":{"loc":{"start":{"line":18,"column":19},"end":{"line":34,"column":4}},"type":"binary-expr","locations":[{"start":{"line":18,"column":20},"end":{"line":18,"column":24}},{"start":{"line":18,"column":28},"end":{"line":18,"column":45}},{"start":{"line":18,"column":50},"end":{"line":34,"column":4}}],"line":18},"11":{"loc":{"start":{"line":20,"column":18},"end":{"line":24,"column":9}},"type":"binary-expr","locations":[{"start":{"line":20,"column":18},"end":{"line":20,"column":44}},{"start":{"line":20,"column":48},"end":{"line":24,"column":9}}],"line":20},"12":{"loc":{"start":{"line":22,"column":29},"end":{"line":22,"column":95}},"type":"if","locations":[{"start":{"line":22,"column":29},"end":{"line":22,"column":95}},{"start":{},"end":{}}],"line":22},"13":{"loc":{"start":{"line":28,"column":8},"end":{"line":28,"column":46}},"type":"if","locations":[{"start":{"line":28,"column":8},"end":{"line":28,"column":46}},{"start":{},"end":{}}],"line":28},"14":{"loc":{"start":{"line":28,"column":12},"end":{"line":28,"column":33}},"type":"binary-expr","locations":[{"start":{"line":28,"column":12},"end":{"line":28,"column":15}},{"start":{"line":28,"column":19},"end":{"line":28,"column":33}}],"line":28},"15":{"loc":{"start":{"line":30,"column":8},"end":{"line":30,"column":137}},"type":"if","locations":[{"start":{"line":30,"column":8},"end":{"line":30,"column":137}},{"start":{},"end":{}}],"line":30},"16":{"loc":{"start":{"line":30,"column":78},"end":{"line":30,"column":137}},"type":"if","locations":[{"start":{"line":30,"column":78},"end":{"line":30,"column":137}},{"start":{},"end":{}}],"line":30}},"s":{"0":2,"1":0,"2":0,"3":0,"4":0,"5":0,"6":0,"7":0,"8":0,"9":0,"10":0,"11":2,"12":0,"13":0,"14":2,"15":2,"16":0,"17":0,"18":0,"19":0,"20":0,"21":0,"22":0,"23":2,"24":2,"25":2,"26":0,"27":0,"28":0,"29":0,"30":0,"31":0,"32":0,"33":0,"34":0,"35":2,"36":2,"37":2,"38":2,"39":50,"40":50,"41":49,"42":2,"43":2,"44":33,"45":33,"46":31,"47":2,"48":2,"49":1,"50":1,"51":2,"52":2,"53":5,"54":5,"55":2,"56":2,"57":2,"58":0,"59":0,"60":0,"61":2},"f":{"0":0,"1":0,"2":0,"3":0,"4":0,"5":2,"6":0,"7":0,"8":2,"9":50,"10":33,"11":1,"12":5,"13":0},"b":{"0":[2,2,2],"1":[2,0],"2":[0,0],"3":[0,0],"4":[0,0],"5":[0,0],"6":[0,0],"7":[0,0],"8":[2,2,2],"9":[2,0],"10":[2,2,2],"11":[0,0],"12":[0,0],"13":[2,0],"14":[2,2],"15":[0,0],"16":[0,0]},"inputSourceMap":null,"_coverageSchema":"1a1c01bbd47fc00a2c39e90264f33305004495a9","hash":"f68702859cdfb6d5e261156ecaf9626b9c5606b7"}
,"C:\\Users\\satyo\\Documents\\developer projects\\helpers\\ai-fullstack-engineer\\project-01-typescript-api\\dist\\src\\controllers\\user.controller.js": {"path":"C:\\Users\\satyo\\Documents\\developer projects\\helpers\\ai-fullstack-engineer\\project-01-typescript-api\\dist\\src\\controllers\\user.controller.js","statementMap":{"0":{"start":{"line":3,"column":22},"end":{"line":13,"column":3}},"1":{"start":{"line":4,"column":4},"end":{"line":4,"column":33}},"2":{"start":{"line":4,"column":26},"end":{"line":4,"column":33}},"3":{"start":{"line":5,"column":15},"end":{"line":5,"column":52}},"4":{"start":{"line":6,"column":4},"end":{"line":8,"column":5}},"5":{"start":{"line":7,"column":6},"end":{"line":7,"column":68}},"6":{"start":{"line":7,"column":51},"end":{"line":7,"column":63}},"7":{"start":{"line":9,"column":4},"end":{"line":9,"column":39}},"8":{"start":{"line":11,"column":4},"end":{"line":11,"column":33}},"9":{"start":{"line":11,"column":26},"end":{"line":11,"column":33}},"10":{"start":{"line":12,"column":4},"end":{"line":12,"column":17}},"11":{"start":{"line":14,"column":25},"end":{"line":18,"column":2}},"12":{"start":{"line":15,"column":4},"end":{"line":15,"column":72}},"13":{"start":{"line":17,"column":4},"end":{"line":17,"column":21}},"14":{"start":{"line":19,"column":19},"end":{"line":35,"column":4}},"15":{"start":{"line":20,"column":18},"end":{"line":27,"column":5}},"16":{"start":{"line":21,"column":8},"end":{"line":25,"column":10}},"17":{"start":{"line":22,"column":21},"end":{"line":22,"column":23}},"18":{"start":{"line":23,"column":12},"end":{"line":23,"column":95}},"19":{"start":{"line":23,"column":29},"end":{"line":23,"column":95}},"20":{"start":{"line":23,"column":77},"end":{"line":23,"column":95}},"21":{"start":{"line":24,"column":12},"end":{"line":24,"column":22}},"22":{"start":{"line":26,"column":8},"end":{"line":26,"column":26}},"23":{"start":{"line":28,"column":4},"end":{"line":34,"column":6}},"24":{"start":{"line":29,"column":8},"end":{"line":29,"column":46}},"25":{"start":{"line":29,"column":35},"end":{"line":29,"column":46}},"26":{"start":{"line":30,"column":21},"end":{"line":30,"column":23}},"27":{"start":{"line":31,"column":8},"end":{"line":31,"column":137}},"28":{"start":{"line":31,"column":25},"end":{"line":31,"column":137}},"29":{"start":{"line":31,"column":38},"end":{"line":31,"column":50}},"30":{"start":{"line":31,"column":56},"end":{"line":31,"column":57}},"31":{"start":{"line":31,"column":78},"end":{"line":31,"column":137}},"32":{"start":{"line":31,"column":102},"end":{"line":31,"column":137}},"33":{"start":{"line":32,"column":8},"end":{"line":32,"column":40}},"34":{"start":{"line":33,"column":8},"end":{"line":33,"column":22}},"35":{"start":{"line":36,"column":0},"end":{"line":36,"column":62}},"36":{"start":{"line":37,"column":0},"end":{"line":37,"column":118}},"37":{"start":{"line":38,"column":20},"end":{"line":38,"column":69}},"38":{"start":{"line":39,"column":20},"end":{"line":54,"column":1}},"39":{"start":{"line":40,"column":18},"end":{"line":40,"column":34}},"40":{"start":{"line":47,"column":19},"end":{"line":47,"column":55}},"41":{"start":{"line":48,"column":4},"end":{"line":53,"column":7}},"42":{"start":{"line":55,"column":0},"end":{"line":55,"column":34}},"43":{"start":{"line":56,"column":20},"end":{"line":60,"column":1}},"44":{"start":{"line":57,"column":15},"end":{"line":57,"column":36}},"45":{"start":{"line":58,"column":17},"end":{"line":58,"column":50}},"46":{"start":{"line":59,"column":4},"end":{"line":59,"column":90}},"47":{"start":{"line":61,"column":0},"end":{"line":61,"column":34}},"48":{"start":{"line":70,"column":19},"end":{"line":76,"column":1}},"49":{"start":{"line":71,"column":15},"end":{"line":71,"column":36}},"50":{"start":{"line":72,"column":24},"end":{"line":72,"column":39}},"51":{"start":{"line":73,"column":4},"end":{"line":73,"column":51}},"52":{"start":{"line":74,"column":17},"end":{"line":74,"column":62}},"53":{"start":{"line":75,"column":4},"end":{"line":75,"column":102}},"54":{"start":{"line":77,"column":0},"end":{"line":77,"column":32}},"55":{"start":{"line":78,"column":23},"end":{"line":87,"column":1}},"56":{"start":{"line":79,"column":15},"end":{"line":79,"column":36}},"57":{"start":{"line":80,"column":17},"end":{"line":80,"column":25}},"58":{"start":{"line":81,"column":17},"end":{"line":81,"column":59}},"59":{"start":{"line":82,"column":4},"end":{"line":86,"column":7}},"60":{"start":{"line":88,"column":0},"end":{"line":88,"column":40}},"61":{"start":{"line":89,"column":19},"end":{"line":96,"column":1}},"62":{"start":{"line":90,"column":15},"end":{"line":90,"column":36}},"63":{"start":{"line":91,"column":4},"end":{"line":91,"column":37}},"64":{"start":{"line":92,"column":4},"end":{"line":95,"column":7}},"65":{"start":{"line":97,"column":0},"end":{"line":97,"column":32}}},"fnMap":{"0":{"name":"(anonymous_0)","decl":{"start":{"line":3,"column":74},"end":{"line":3,"column":75}},"loc":{"start":{"line":3,"column":96},"end":{"line":10,"column":1}},"line":3},"1":{"name":"(anonymous_1)","decl":{"start":{"line":7,"column":38},"end":{"line":7,"column":39}},"loc":{"start":{"line":7,"column":49},"end":{"line":7,"column":65}},"line":7},"2":{"name":"(anonymous_2)","decl":{"start":{"line":10,"column":6},"end":{"line":10,"column":7}},"loc":{"start":{"line":10,"column":28},"end":{"line":13,"column":1}},"line":10},"3":{"name":"(anonymous_3)","decl":{"start":{"line":14,"column":80},"end":{"line":14,"column":81}},"loc":{"start":{"line":14,"column":95},"end":{"line":16,"column":1}},"line":14},"4":{"name":"(anonymous_4)","decl":{"start":{"line":16,"column":5},"end":{"line":16,"column":6}},"loc":{"start":{"line":16,"column":20},"end":{"line":18,"column":1}},"line":16},"5":{"name":"(anonymous_5)","decl":{"start":{"line":19,"column":51},"end":{"line":19,"column":52}},"loc":{"start":{"line":19,"column":63},"end":{"line":35,"column":1}},"line":19},"6":{"name":"(anonymous_6)","decl":{"start":{"line":20,"column":18},"end":{"line":20,"column":19}},"loc":{"start":{"line":20,"column":30},"end":{"line":27,"column":5}},"line":20},"7":{"name":"(anonymous_7)","decl":{"start":{"line":21,"column":48},"end":{"line":21,"column":49}},"loc":{"start":{"line":21,"column":61},"end":{"line":25,"column":9}},"line":21},"8":{"name":"(anonymous_8)","decl":{"start":{"line":28,"column":11},"end":{"line":28,"column":12}},"loc":{"start":{"line":28,"column":26},"end":{"line":34,"column":5}},"line":28},"9":{"name":"(anonymous_9)","decl":{"start":{"line":39,"column":20},"end":{"line":39,"column":21}},"loc":{"start":{"line":39,"column":41},"end":{"line":54,"column":1}},"line":39},"10":{"name":"(anonymous_10)","decl":{"start":{"line":56,"column":20},"end":{"line":56,"column":21}},"loc":{"start":{"line":56,"column":40},"end":{"line":60,"column":1}},"line":56},"11":{"name":"(anonymous_11)","decl":{"start":{"line":70,"column":19},"end":{"line":70,"column":20}},"loc":{"start":{"line":70,"column":39},"end":{"line":76,"column":1}},"line":70},"12":{"name":"(anonymous_12)","decl":{"start":{"line":78,"column":23},"end":{"line":78,"column":24}},"loc":{"start":{"line":78,"column":43},"end":{"line":87,"column":1}},"line":78},"13":{"name":"(anonymous_13)","decl":{"start":{"line":89,"column":19},"end":{"line":89,"column":20}},"loc":{"start":{"line":89,"column":39},"end":{"line":96,"column":1}},"line":89}},"branchMap":{"0":{"loc":{"start":{"line":3,"column":22},"end":{"line":13,"column":3}},"type":"binary-expr","locations":[{"start":{"line":3,"column":23},"end":{"line":3,"column":27}},{"start":{"line":3,"column":31},"end":{"line":3,"column":51}},{"start":{"line":3,"column":57},"end":{"line":13,"column":2}}],"line":3},"1":{"loc":{"start":{"line":3,"column":57},"end":{"line":13,"column":2}},"type":"cond-expr","locations":[{"start":{"line":3,"column":74},"end":{"line":10,"column":1}},{"start":{"line":10,"column":6},"end":{"line":13,"column":1}}],"line":3},"2":{"loc":{"start":{"line":4,"column":4},"end":{"line":4,"column":33}},"type":"if","locations":[{"start":{"line":4,"column":4},"end":{"line":4,"column":33}},{"start":{},"end":{}}],"line":4},"3":{"loc":{"start":{"line":6,"column":4},"end":{"line":8,"column":5}},"type":"if","locations":[{"start":{"line":6,"column":4},"end":{"line":8,"column":5}},{"start":{},"end":{}}],"line":6},"4":{"loc":{"start":{"line":6,"column":8},"end":{"line":6,"column":85}},"type":"binary-expr","locations":[{"start":{"line":6,"column":8},"end":{"line":6,"column":13}},{"start":{"line":6,"column":18},"end":{"line":6,"column":84}}],"line":6},"5":{"loc":{"start":{"line":6,"column":18},"end":{"line":6,"column":84}},"type":"cond-expr","locations":[{"start":{"line":6,"column":34},"end":{"line":6,"column":47}},{"start":{"line":6,"column":50},"end":{"line":6,"column":84}}],"line":6},"6":{"loc":{"start":{"line":6,"column":50},"end":{"line":6,"column":84}},"type":"binary-expr","locations":[{"start":{"line":6,"column":50},"end":{"line":6,"column":63}},{"start":{"line":6,"column":67},"end":{"line":6,"column":84}}],"line":6},"7":{"loc":{"start":{"line":11,"column":4},"end":{"line":11,"column":33}},"type":"if","locations":[{"start":{"line":11,"column":4},"end":{"line":11,"column":33}},{"start":{},"end":{}}],"line":11},"8":{"loc":{"start":{"line":14,"column":25},"end":{"line":18,"column":2}},"type":"binary-expr","locations":[{"start":{"line":14,"column":26},"end":{"line":14,"column":30}},{"start":{"line":14,"column":34},"end":{"line":14,"column":57}},{"start":{"line":14,"column":63},"end":{"line":18,"column":1}}],"line":14},"9":{"loc":{"start":{"line":14,"column":63},"end":{"line":18,"column":1}},"type":"cond-expr","locations":[{"start":{"line":14,"column":80},"end":{"line":16,"column":1}},{"start":{"line":16,"column":5},"end":{"line":18,"column":1}}],"line":14},"10":{"loc":{"start":{"line":19,"column":19},"end":{"line":35,"column":4}},"type":"binary-expr","locations":[{"start":{"line":19,"column":20},"end":{"line":19,"column":24}},{"start":{"line":19,"column":28},"end":{"line":19,"column":45}},{"start":{"line":19,"column":50},"end":{"line":35,"column":4}}],"line":19},"11":{"loc":{"start":{"line":21,"column":18},"end":{"line":25,"column":9}},"type":"binary-expr","locations":[{"start":{"line":21,"column":18},"end":{"line":21,"column":44}},{"start":{"line":21,"column":48},"end":{"line":25,"column":9}}],"line":21},"12":{"loc":{"start":{"line":23,"column":29},"end":{"line":23,"column":95}},"type":"if","locations":[{"start":{"line":23,"column":29},"end":{"line":23,"column":95}},{"start":{},"end":{}}],"line":23},"13":{"loc":{"start":{"line":29,"column":8},"end":{"line":29,"column":46}},"type":"if","locations":[{"start":{"line":29,"column":8},"end":{"line":29,"column":46}},{"start":{},"end":{}}],"line":29},"14":{"loc":{"start":{"line":29,"column":12},"end":{"line":29,"column":33}},"type":"binary-expr","locations":[{"start":{"line":29,"column":12},"end":{"line":29,"column":15}},{"start":{"line":29,"column":19},"end":{"line":29,"column":33}}],"line":29},"15":{"loc":{"start":{"line":31,"column":8},"end":{"line":31,"column":137}},"type":"if","locations":[{"start":{"line":31,"column":8},"end":{"line":31,"column":137}},{"start":{},"end":{}}],"line":31},"16":{"loc":{"start":{"line":31,"column":78},"end":{"line":31,"column":137}},"type":"if","locations":[{"start":{"line":31,"column":78},"end":{"line":31,"column":137}},{"start":{},"end":{}}],"line":31}},"s":{"0":2,"1":0,"2":0,"3":0,"4":0,"5":0,"6":0,"7":0,"8":0,"9":0,"10":0,"11":2,"12":0,"13":0,"14":2,"15":2,"16":0,"17":0,"18":0,"19":0,"20":0,"21":0,"22":0,"23":2,"24":2,"25":2,"26":0,"27":0,"28":0,"29":0,"30":0,"31":0,"32":0,"33":0,"34":0,"35":2,"36":2,"37":2,"38":2,"39":6,"40":6,"41":6,"42":2,"43":2,"44":3,"45":3,"46":2,"47":2,"48":2,"49":1,"50":1,"51":1,"52":1,"53":1,"54":2,"55":2,"56":2,"57":2,"58":2,"59":1,"60":2,"61":2,"62":3,"63":3,"64":2,"65":2},"f":{"0":0,"1":0,"2":0,"3":0,"4":0,"5":2,"6":0,"7":0,"8":2,"9":6,"10":3,"11":1,"12":2,"13":3},"b":{"0":[2,2,2],"1":[2,0],"2":[0,0],"3":[0,0],"4":[0,0],"5":[0,0],"6":[0,0],"7":[0,0],"8":[2,2,2],"9":[2,0],"10":[2,2,2],"11":[0,0],"12":[0,0],"13":[2,0],"14":[2,2],"15":[0,0],"16":[0,0]},"inputSourceMap":null,"_coverageSchema":"1a1c01bbd47fc00a2c39e90264f33305004495a9","hash":"54f5d9201fa4674c8cebda838cd2def248301e39"}
,"C:\\Users\\satyo\\Documents\\developer projects\\helpers\\ai-fullstack-engineer\\project-01-typescript-api\\dist\\src\\generated\\prisma\\client.js": {"path":"C:\\Users\\satyo\\Documents\\developer projects\\helpers\\ai-fullstack-engineer\\project-01-typescript-api\\dist\\src\\generated\\prisma\\client.js","statementMap":{"0":{"start":{"line":12,"column":22},"end":{"line":22,"column":3}},"1":{"start":{"line":13,"column":4},"end":{"line":13,"column":33}},"2":{"start":{"line":13,"column":26},"end":{"line":13,"column":33}},"3":{"start":{"line":14,"column":15},"end":{"line":14,"column":52}},"4":{"start":{"line":15,"column":4},"end":{"line":17,"column":5}},"5":{"start":{"line":16,"column":6},"end":{"line":16,"column":68}},"6":{"start":{"line":16,"column":51},"end":{"line":16,"column":63}},"7":{"start":{"line":18,"column":4},"end":{"line":18,"column":39}},"8":{"start":{"line":20,"column":4},"end":{"line":20,"column":33}},"9":{"start":{"line":20,"column":26},"end":{"line":20,"column":33}},"10":{"start":{"line":21,"column":4},"end":{"line":21,"column":17}},"11":{"start":{"line":23,"column":25},"end":{"line":27,"column":2}},"12":{"start":{"line":24,"column":4},"end":{"line":24,"column":72}},"13":{"start":{"line":26,"column":4},"end":{"line":26,"column":21}},"14":{"start":{"line":28,"column":19},"end":{"line":44,"column":4}},"15":{"start":{"line":29,"column":18},"end":{"line":36,"column":5}},"16":{"start":{"line":30,"column":8},"end":{"line":34,"column":10}},"17":{"start":{"line":31,"column":21},"end":{"line":31,"column":23}},"18":{"start":{"line":32,"column":12},"end":{"line":32,"column":95}},"19":{"start":{"line":32,"column":29},"end":{"line":32,"column":95}},"20":{"start":{"line":32,"column":77},"end":{"line":32,"column":95}},"21":{"start":{"line":33,"column":12},"end":{"line":33,"column":22}},"22":{"start":{"line":35,"column":8},"end":{"line":35,"column":26}},"23":{"start":{"line":37,"column":4},"end":{"line":43,"column":6}},"24":{"start":{"line":38,"column":8},"end":{"line":38,"column":46}},"25":{"start":{"line":38,"column":35},"end":{"line":38,"column":46}},"26":{"start":{"line":39,"column":21},"end":{"line":39,"column":23}},"27":{"start":{"line":40,"column":8},"end":{"line":40,"column":137}},"28":{"start":{"line":40,"column":25},"end":{"line":40,"column":137}},"29":{"start":{"line":40,"column":38},"end":{"line":40,"column":50}},"30":{"start":{"line":40,"column":56},"end":{"line":40,"column":57}},"31":{"start":{"line":40,"column":78},"end":{"line":40,"column":137}},"32":{"start":{"line":40,"column":102},"end":{"line":40,"column":137}},"33":{"start":{"line":41,"column":8},"end":{"line":41,"column":40}},"34":{"start":{"line":42,"column":8},"end":{"line":42,"column":22}},"35":{"start":{"line":45,"column":19},"end":{"line":47,"column":1}},"36":{"start":{"line":46,"column":4},"end":{"line":46,"column":126}},"37":{"start":{"line":46,"column":21},"end":{"line":46,"column":126}},"38":{"start":{"line":46,"column":95},"end":{"line":46,"column":126}},"39":{"start":{"line":48,"column":0},"end":{"line":48,"column":62}},"40":{"start":{"line":49,"column":0},"end":{"line":49,"column":64}},"41":{"start":{"line":50,"column":15},"end":{"line":50,"column":56}},"42":{"start":{"line":51,"column":15},"end":{"line":51,"column":66}},"43":{"start":{"line":52,"column":0},"end":{"line":52,"column":24}},"44":{"start":{"line":53,"column":0},"end":{"line":53,"column":50}},"45":{"start":{"line":54,"column":0},"end":{"line":54,"column":42}},"46":{"start":{"line":70,"column":0},"end":{"line":70,"column":53}}},"fnMap":{"0":{"name":"(anonymous_0)","decl":{"start":{"line":12,"column":74},"end":{"line":12,"column":75}},"loc":{"start":{"line":12,"column":96},"end":{"line":19,"column":1}},"line":12},"1":{"name":"(anonymous_1)","decl":{"start":{"line":16,"column":38},"end":{"line":16,"column":39}},"loc":{"start":{"line":16,"column":49},"end":{"line":16,"column":65}},"line":16},"2":{"name":"(anonymous_2)","decl":{"start":{"line":19,"column":6},"end":{"line":19,"column":7}},"loc":{"start":{"line":19,"column":28},"end":{"line":22,"column":1}},"line":19},"3":{"name":"(anonymous_3)","decl":{"start":{"line":23,"column":80},"end":{"line":23,"column":81}},"loc":{"start":{"line":23,"column":95},"end":{"line":25,"column":1}},"line":23},"4":{"name":"(anonymous_4)","decl":{"start":{"line":25,"column":5},"end":{"line":25,"column":6}},"loc":{"start":{"line":25,"column":20},"end":{"line":27,"column":1}},"line":25},"5":{"name":"(anonymous_5)","decl":{"start":{"line":28,"column":51},"end":{"line":28,"column":52}},"loc":{"start":{"line":28,"column":63},"end":{"line":44,"column":1}},"line":28},"6":{"name":"(anonymous_6)","decl":{"start":{"line":29,"column":18},"end":{"line":29,"column":19}},"loc":{"start":{"line":29,"column":30},"end":{"line":36,"column":5}},"line":29},"7":{"name":"(anonymous_7)","decl":{"start":{"line":30,"column":48},"end":{"line":30,"column":49}},"loc":{"start":{"line":30,"column":61},"end":{"line":34,"column":9}},"line":30},"8":{"name":"(anonymous_8)","decl":{"start":{"line":37,"column":11},"end":{"line":37,"column":12}},"loc":{"start":{"line":37,"column":26},"end":{"line":43,"column":5}},"line":37},"9":{"name":"(anonymous_9)","decl":{"start":{"line":45,"column":50},"end":{"line":45,"column":51}},"loc":{"start":{"line":45,"column":71},"end":{"line":47,"column":1}},"line":45}},"branchMap":{"0":{"loc":{"start":{"line":12,"column":22},"end":{"line":22,"column":3}},"type":"binary-expr","locations":[{"start":{"line":12,"column":23},"end":{"line":12,"column":27}},{"start":{"line":12,"column":31},"end":{"line":12,"column":51}},{"start":{"line":12,"column":57},"end":{"line":22,"column":2}}],"line":12},"1":{"loc":{"start":{"line":12,"column":57},"end":{"line":22,"column":2}},"type":"cond-expr","locations":[{"start":{"line":12,"column":74},"end":{"line":19,"column":1}},{"start":{"line":19,"column":6},"end":{"line":22,"column":1}}],"line":12},"2":{"loc":{"start":{"line":13,"column":4},"end":{"line":13,"column":33}},"type":"if","locations":[{"start":{"line":13,"column":4},"end":{"line":13,"column":33}},{"start":{},"end":{}}],"line":13},"3":{"loc":{"start":{"line":15,"column":4},"end":{"line":17,"column":5}},"type":"if","locations":[{"start":{"line":15,"column":4},"end":{"line":17,"column":5}},{"start":{},"end":{}}],"line":15},"4":{"loc":{"start":{"line":15,"column":8},"end":{"line":15,"column":85}},"type":"binary-expr","locations":[{"start":{"line":15,"column":8},"end":{"line":15,"column":13}},{"start":{"line":15,"column":18},"end":{"line":15,"column":84}}],"line":15},"5":{"loc":{"start":{"line":15,"column":18},"end":{"line":15,"column":84}},"type":"cond-expr","locations":[{"start":{"line":15,"column":34},"end":{"line":15,"column":47}},{"start":{"line":15,"column":50},"end":{"line":15,"column":84}}],"line":15},"6":{"loc":{"start":{"line":15,"column":50},"end":{"line":15,"column":84}},"type":"binary-expr","locations":[{"start":{"line":15,"column":50},"end":{"line":15,"column":63}},{"start":{"line":15,"column":67},"end":{"line":15,"column":84}}],"line":15},"7":{"loc":{"start":{"line":20,"column":4},"end":{"line":20,"column":33}},"type":"if","locations":[{"start":{"line":20,"column":4},"end":{"line":20,"column":33}},{"start":{},"end":{}}],"line":20},"8":{"loc":{"start":{"line":23,"column":25},"end":{"line":27,"column":2}},"type":"binary-expr","locations":[{"start":{"line":23,"column":26},"end":{"line":23,"column":30}},{"start":{"line":23,"column":34},"end":{"line":23,"column":57}},{"start":{"line":23,"column":63},"end":{"line":27,"column":1}}],"line":23},"9":{"loc":{"start":{"line":23,"column":63},"end":{"line":27,"column":1}},"type":"cond-expr","locations":[{"start":{"line":23,"column":80},"end":{"line":25,"column":1}},{"start":{"line":25,"column":5},"end":{"line":27,"column":1}}],"line":23},"10":{"loc":{"start":{"line":28,"column":19},"end":{"line":44,"column":4}},"type":"binary-expr","locations":[{"start":{"line":28,"column":20},"end":{"line":28,"column":24}},{"start":{"line":28,"column":28},"end":{"line":28,"column":45}},{"start":{"line":28,"column":50},"end":{"line":44,"column":4}}],"line":28},"11":{"loc":{"start":{"line":30,"column":18},"end":{"line":34,"column":9}},"type":"binary-expr","locations":[{"start":{"line":30,"column":18},"end":{"line":30,"column":44}},{"start":{"line":30,"column":48},"end":{"line":34,"column":9}}],"line":30},"12":{"loc":{"start":{"line":32,"column":29},"end":{"line":32,"column":95}},"type":"if","locations":[{"start":{"line":32,"column":29},"end":{"line":32,"column":95}},{"start":{},"end":{}}],"line":32},"13":{"loc":{"start":{"line":38,"column":8},"end":{"line":38,"column":46}},"type":"if","locations":[{"start":{"line":38,"column":8},"end":{"line":38,"column":46}},{"start":{},"end":{}}],"line":38},"14":{"loc":{"start":{"line":38,"column":12},"end":{"line":38,"column":33}},"type":"binary-expr","locations":[{"start":{"line":38,"column":12},"end":{"line":38,"column":15}},{"start":{"line":38,"column":19},"end":{"line":38,"column":33}}],"line":38},"15":{"loc":{"start":{"line":40,"column":8},"end":{"line":40,"column":137}},"type":"if","locations":[{"start":{"line":40,"column":8},"end":{"line":40,"column":137}},{"start":{},"end":{}}],"line":40},"16":{"loc":{"start":{"line":40,"column":78},"end":{"line":40,"column":137}},"type":"if","locations":[{"start":{"line":40,"column":78},"end":{"line":40,"column":137}},{"start":{},"end":{}}],"line":40},"17":{"loc":{"start":{"line":45,"column":19},"end":{"line":47,"column":1}},"type":"binary-expr","locations":[{"start":{"line":45,"column":20},"end":{"line":45,"column":24}},{"start":{"line":45,"column":28},"end":{"line":45,"column":45}},{"start":{"line":45,"column":50},"end":{"line":47,"column":1}}],"line":45},"18":{"loc":{"start":{"line":46,"column":21},"end":{"line":46,"column":126}},"type":"if","locations":[{"start":{"line":46,"column":21},"end":{"line":46,"column":126}},{"start":{},"end":{}}],"line":46},"19":{"loc":{"start":{"line":46,"column":25},"end":{"line":46,"column":93}},"type":"binary-expr","locations":[{"start":{"line":46,"column":25},"end":{"line":46,"column":40}},{"start":{"line":46,"column":44},"end":{"line":46,"column":93}}],"line":46}},"s":{"0":2,"1":2,"2":2,"3":2,"4":2,"5":2,"6":0,"7":2,"8":0,"9":0,"10":0,"11":2,"12":0,"13":0,"14":2,"15":2,"16":0,"17":0,"18":0,"19":0,"20":0,"21":0,"22":0,"23":2,"24":6,"25":6,"26":0,"27":0,"28":0,"29":0,"30":0,"31":0,"32":0,"33":0,"34":0,"35":2,"36":2,"37":2,"38":2,"39":2,"40":2,"41":2,"42":2,"43":2,"44":2,"45":2,"46":2},"f":{"0":2,"1":0,"2":0,"3":0,"4":0,"5":2,"6":0,"7":0,"8":6,"9":2},"b":{"0":[2,2,2],"1":[2,0],"2":[2,0],"3":[2,0],"4":[2,2],"5":[0,2],"6":[2,0],"7":[0,0],"8":[2,2,2],"9":[2,0],"10":[2,2,2],"11":[0,0],"12":[0,0],"13":[6,0],"14":[6,6],"15":[0,0],"16":[0,0],"17":[2,2,2],"18":[2,0],"19":[2,2]},"inputSourceMap":null,"_coverageSchema":"1a1c01bbd47fc00a2c39e90264f33305004495a9","hash":"d2c1f41c4c94c17b992d05453a0d6f0263e69bec"}
,"C:\\Users\\satyo\\Documents\\developer projects\\helpers\\ai-fullstack-engineer\\project-01-typescript-api\\dist\\src\\generated\\prisma\\enums.js": {"path":"C:\\Users\\satyo\\Documents\\developer projects\\helpers\\ai-fullstack-engineer\\project-01-typescript-api\\dist\\src\\generated\\prisma\\enums.js","statementMap":{"0":{"start":{"line":11,"column":0},"end":{"line":11,"column":62}},"1":{"start":{"line":12,"column":0},"end":{"line":12,"column":22}},"2":{"start":{"line":13,"column":0},"end":{"line":16,"column":2}}},"fnMap":{},"branchMap":{},"s":{"0":2,"1":2,"2":2},"f":{},"b":{},"inputSourceMap":null,"_coverageSchema":"1a1c01bbd47fc00a2c39e90264f33305004495a9","hash":"ddf16153da20d76b6312032f06d74b8a59c4c062"}
,"C:\\Users\\satyo\\Documents\\developer projects\\helpers\\ai-fullstack-engineer\\project-01-typescript-api\\dist\\src\\generated\\prisma\\internal\\class.js": {"path":"C:\\Users\\satyo\\Documents\\developer projects\\helpers\\ai-fullstack-engineer\\project-01-typescript-api\\dist\\src\\generated\\prisma\\internal\\class.js","statementMap":{"0":{"start":{"line":13,"column":22},"end":{"line":23,"column":3}},"1":{"start":{"line":14,"column":4},"end":{"line":14,"column":33}},"2":{"start":{"line":14,"column":26},"end":{"line":14,"column":33}},"3":{"start":{"line":15,"column":15},"end":{"line":15,"column":52}},"4":{"start":{"line":16,"column":4},"end":{"line":18,"column":5}},"5":{"start":{"line":17,"column":6},"end":{"line":17,"column":68}},"6":{"start":{"line":17,"column":51},"end":{"line":17,"column":63}},"7":{"start":{"line":19,"column":4},"end":{"line":19,"column":39}},"8":{"start":{"line":21,"column":4},"end":{"line":21,"column":33}},"9":{"start":{"line":21,"column":26},"end":{"line":21,"column":33}},"10":{"start":{"line":22,"column":4},"end":{"line":22,"column":17}},"11":{"start":{"line":24,"column":25},"end":{"line":28,"column":2}},"12":{"start":{"line":25,"column":4},"end":{"line":25,"column":72}},"13":{"start":{"line":27,"column":4},"end":{"line":27,"column":21}},"14":{"start":{"line":29,"column":19},"end":{"line":45,"column":4}},"15":{"start":{"line":30,"column":18},"end":{"line":37,"column":5}},"16":{"start":{"line":31,"column":8},"end":{"line":35,"column":10}},"17":{"start":{"line":32,"column":21},"end":{"line":32,"column":23}},"18":{"start":{"line":33,"column":12},"end":{"line":33,"column":95}},"19":{"start":{"line":33,"column":29},"end":{"line":33,"column":95}},"20":{"start":{"line":33,"column":77},"end":{"line":33,"column":95}},"21":{"start":{"line":34,"column":12},"end":{"line":34,"column":22}},"22":{"start":{"line":36,"column":8},"end":{"line":36,"column":26}},"23":{"start":{"line":38,"column":4},"end":{"line":44,"column":6}},"24":{"start":{"line":39,"column":8},"end":{"line":39,"column":46}},"25":{"start":{"line":39,"column":35},"end":{"line":39,"column":46}},"26":{"start":{"line":40,"column":21},"end":{"line":40,"column":23}},"27":{"start":{"line":41,"column":8},"end":{"line":41,"column":137}},"28":{"start":{"line":41,"column":25},"end":{"line":41,"column":137}},"29":{"start":{"line":41,"column":38},"end":{"line":41,"column":50}},"30":{"start":{"line":41,"column":56},"end":{"line":41,"column":57}},"31":{"start":{"line":41,"column":78},"end":{"line":41,"column":137}},"32":{"start":{"line":41,"column":102},"end":{"line":41,"column":137}},"33":{"start":{"line":42,"column":8},"end":{"line":42,"column":40}},"34":{"start":{"line":43,"column":8},"end":{"line":43,"column":22}},"35":{"start":{"line":46,"column":0},"end":{"line":46,"column":62}},"36":{"start":{"line":47,"column":0},"end":{"line":47,"column":52}},"37":{"start":{"line":48,"column":16},"end":{"line":48,"column":70}},"38":{"start":{"line":49,"column":15},"end":{"line":64,"column":1}},"39":{"start":{"line":65,"column":0},"end":{"line":65,"column":1192}},"40":{"start":{"line":66,"column":0},"end":{"line":69,"column":2}},"41":{"start":{"line":71,"column":23},"end":{"line":71,"column":95}},"42":{"start":{"line":71,"column":58},"end":{"line":71,"column":94}},"43":{"start":{"line":72,"column":22},"end":{"line":72,"column":55}},"44":{"start":{"line":73,"column":4},"end":{"line":73,"column":45}},"45":{"start":{"line":75,"column":0},"end":{"line":82,"column":2}},"46":{"start":{"line":76,"column":28},"end":{"line":76,"column":148}},"47":{"start":{"line":76,"column":63},"end":{"line":76,"column":147}},"48":{"start":{"line":78,"column":25},"end":{"line":78,"column":157}},"49":{"start":{"line":78,"column":60},"end":{"line":78,"column":156}},"50":{"start":{"line":79,"column":8},"end":{"line":79,"column":46}},"51":{"start":{"line":84,"column":4},"end":{"line":84,"column":43}}},"fnMap":{"0":{"name":"(anonymous_0)","decl":{"start":{"line":13,"column":74},"end":{"line":13,"column":75}},"loc":{"start":{"line":13,"column":96},"end":{"line":20,"column":1}},"line":13},"1":{"name":"(anonymous_1)","decl":{"start":{"line":17,"column":38},"end":{"line":17,"column":39}},"loc":{"start":{"line":17,"column":49},"end":{"line":17,"column":65}},"line":17},"2":{"name":"(anonymous_2)","decl":{"start":{"line":20,"column":6},"end":{"line":20,"column":7}},"loc":{"start":{"line":20,"column":28},"end":{"line":23,"column":1}},"line":20},"3":{"name":"(anonymous_3)","decl":{"start":{"line":24,"column":80},"end":{"line":24,"column":81}},"loc":{"start":{"line":24,"column":95},"end":{"line":26,"column":1}},"line":24},"4":{"name":"(anonymous_4)","decl":{"start":{"line":26,"column":5},"end":{"line":26,"column":6}},"loc":{"start":{"line":26,"column":20},"end":{"line":28,"column":1}},"line":26},"5":{"name":"(anonymous_5)","decl":{"start":{"line":29,"column":51},"end":{"line":29,"column":52}},"loc":{"start":{"line":29,"column":63},"end":{"line":45,"column":1}},"line":29},"6":{"name":"(anonymous_6)","decl":{"start":{"line":30,"column":18},"end":{"line":30,"column":19}},"loc":{"start":{"line":30,"column":30},"end":{"line":37,"column":5}},"line":30},"7":{"name":"(anonymous_7)","decl":{"start":{"line":31,"column":48},"end":{"line":31,"column":49}},"loc":{"start":{"line":31,"column":61},"end":{"line":35,"column":9}},"line":31},"8":{"name":"(anonymous_8)","decl":{"start":{"line":38,"column":11},"end":{"line":38,"column":12}},"loc":{"start":{"line":38,"column":26},"end":{"line":44,"column":5}},"line":38},"9":{"name":"decodeBase64AsWasm","decl":{"start":{"line":70,"column":15},"end":{"line":70,"column":33}},"loc":{"start":{"line":70,"column":46},"end":{"line":74,"column":1}},"line":70},"10":{"name":"(anonymous_10)","decl":{"start":{"line":71,"column":52},"end":{"line":71,"column":53}},"loc":{"start":{"line":71,"column":58},"end":{"line":71,"column":94}},"line":71},"11":{"name":"(anonymous_11)","decl":{"start":{"line":76,"column":16},"end":{"line":76,"column":17}},"loc":{"start":{"line":76,"column":28},"end":{"line":76,"column":148}},"line":76},"12":{"name":"(anonymous_12)","decl":{"start":{"line":76,"column":57},"end":{"line":76,"column":58}},"loc":{"start":{"line":76,"column":63},"end":{"line":76,"column":147}},"line":76},"13":{"name":"(anonymous_13)","decl":{"start":{"line":77,"column":32},"end":{"line":77,"column":33}},"loc":{"start":{"line":77,"column":44},"end":{"line":80,"column":5}},"line":77},"14":{"name":"(anonymous_14)","decl":{"start":{"line":78,"column":54},"end":{"line":78,"column":55}},"loc":{"start":{"line":78,"column":60},"end":{"line":78,"column":156}},"line":78},"15":{"name":"getPrismaClientClass","decl":{"start":{"line":83,"column":9},"end":{"line":83,"column":29}},"loc":{"start":{"line":83,"column":32},"end":{"line":85,"column":1}},"line":83}},"branchMap":{"0":{"loc":{"start":{"line":13,"column":22},"end":{"line":23,"column":3}},"type":"binary-expr","locations":[{"start":{"line":13,"column":23},"end":{"line":13,"column":27}},{"start":{"line":13,"column":31},"end":{"line":13,"column":51}},{"start":{"line":13,"column":57},"end":{"line":23,"column":2}}],"line":13},"1":{"loc":{"start":{"line":13,"column":57},"end":{"line":23,"column":2}},"type":"cond-expr","locations":[{"start":{"line":13,"column":74},"end":{"line":20,"column":1}},{"start":{"line":20,"column":6},"end":{"line":23,"column":1}}],"line":13},"2":{"loc":{"start":{"line":14,"column":4},"end":{"line":14,"column":33}},"type":"if","locations":[{"start":{"line":14,"column":4},"end":{"line":14,"column":33}},{"start":{},"end":{}}],"line":14},"3":{"loc":{"start":{"line":16,"column":4},"end":{"line":18,"column":5}},"type":"if","locations":[{"start":{"line":16,"column":4},"end":{"line":18,"column":5}},{"start":{},"end":{}}],"line":16},"4":{"loc":{"start":{"line":16,"column":8},"end":{"line":16,"column":85}},"type":"binary-expr","locations":[{"start":{"line":16,"column":8},"end":{"line":16,"column":13}},{"start":{"line":16,"column":18},"end":{"line":16,"column":84}}],"line":16},"5":{"loc":{"start":{"line":16,"column":18},"end":{"line":16,"column":84}},"type":"cond-expr","locations":[{"start":{"line":16,"column":34},"end":{"line":16,"column":47}},{"start":{"line":16,"column":50},"end":{"line":16,"column":84}}],"line":16},"6":{"loc":{"start":{"line":16,"column":50},"end":{"line":16,"column":84}},"type":"binary-expr","locations":[{"start":{"line":16,"column":50},"end":{"line":16,"column":63}},{"start":{"line":16,"column":67},"end":{"line":16,"column":84}}],"line":16},"7":{"loc":{"start":{"line":21,"column":4},"end":{"line":21,"column":33}},"type":"if","locations":[{"start":{"line":21,"column":4},"end":{"line":21,"column":33}},{"start":{},"end":{}}],"line":21},"8":{"loc":{"start":{"line":24,"column":25},"end":{"line":28,"column":2}},"type":"binary-expr","locations":[{"start":{"line":24,"column":26},"end":{"line":24,"column":30}},{"start":{"line":24,"column":34},"end":{"line":24,"column":57}},{"start":{"line":24,"column":63},"end":{"line":28,"column":1}}],"line":24},"9":{"loc":{"start":{"line":24,"column":63},"end":{"line":28,"column":1}},"type":"cond-expr","locations":[{"start":{"line":24,"column":80},"end":{"line":26,"column":1}},{"start":{"line":26,"column":5},"end":{"line":28,"column":1}}],"line":24},"10":{"loc":{"start":{"line":29,"column":19},"end":{"line":45,"column":4}},"type":"binary-expr","locations":[{"start":{"line":29,"column":20},"end":{"line":29,"column":24}},{"start":{"line":29,"column":28},"end":{"line":29,"column":45}},{"start":{"line":29,"column":50},"end":{"line":45,"column":4}}],"line":29},"11":{"loc":{"start":{"line":31,"column":18},"end":{"line":35,"column":9}},"type":"binary-expr","locations":[{"start":{"line":31,"column":18},"end":{"line":31,"column":44}},{"start":{"line":31,"column":48},"end":{"line":35,"column":9}}],"line":31},"12":{"loc":{"start":{"line":33,"column":29},"end":{"line":33,"column":95}},"type":"if","locations":[{"start":{"line":33,"column":29},"end":{"line":33,"column":95}},{"start":{},"end":{}}],"line":33},"13":{"loc":{"start":{"line":39,"column":8},"end":{"line":39,"column":46}},"type":"if","locations":[{"start":{"line":39,"column":8},"end":{"line":39,"column":46}},{"start":{},"end":{}}],"line":39},"14":{"loc":{"start":{"line":39,"column":12},"end":{"line":39,"column":33}},"type":"binary-expr","locations":[{"start":{"line":39,"column":12},"end":{"line":39,"column":15}},{"start":{"line":39,"column":19},"end":{"line":39,"column":33}}],"line":39},"15":{"loc":{"start":{"line":41,"column":8},"end":{"line":41,"column":137}},"type":"if","locations":[{"start":{"line":41,"column":8},"end":{"line":41,"column":137}},{"start":{},"end":{}}],"line":41},"16":{"loc":{"start":{"line":41,"column":78},"end":{"line":41,"column":137}},"type":"if","locations":[{"start":{"line":41,"column":78},"end":{"line":41,"column":137}},{"start":{},"end":{}}],"line":41}},"s":{"0":2,"1":15,"2":15,"3":15,"4":15,"5":14,"6":2,"7":15,"8":0,"9":0,"10":0,"11":2,"12":2,"13":0,"14":2,"15":2,"16":1,"17":0,"18":0,"19":0,"20":0,"21":0,"22":1,"23":2,"24":5,"25":3,"26":2,"27":2,"28":2,"29":2,"30":2,"31":15,"32":15,"33":2,"34":2,"35":2,"36":2,"37":2,"38":2,"39":2,"40":2,"41":1,"42":1,"43":1,"44":1,"45":2,"46":1,"47":1,"48":1,"49":1,"50":1,"51":2},"f":{"0":15,"1":2,"2":0,"3":2,"4":0,"5":2,"6":1,"7":0,"8":5,"9":1,"10":1,"11":1,"12":1,"13":1,"14":1,"15":2},"b":{"0":[2,2,2],"1":[2,0],"2":[15,0],"3":[14,1],"4":[15,15],"5":[1,14],"6":[14,1],"7":[0,0],"8":[2,2,2],"9":[2,0],"10":[2,2,2],"11":[1,0],"12":[0,0],"13":[3,2],"14":[5,5],"15":[2,0],"16":[15,0]},"inputSourceMap":null,"_coverageSchema":"1a1c01bbd47fc00a2c39e90264f33305004495a9","hash":"cca5c8163e372a77d470d59963d21617f0048a90"}
,"C:\\Users\\satyo\\Documents\\developer projects\\helpers\\ai-fullstack-engineer\\project-01-typescript-api\\dist\\src\\generated\\prisma\\internal\\prismaNamespace.js": {"path":"C:\\Users\\satyo\\Documents\\developer projects\\helpers\\ai-fullstack-engineer\\project-01-typescript-api\\dist\\src\\generated\\prisma\\internal\\prismaNamespace.js","statementMap":{"0":{"start":{"line":17,"column":22},"end":{"line":27,"column":3}},"1":{"start":{"line":18,"column":4},"end":{"line":18,"column":33}},"2":{"start":{"line":18,"column":26},"end":{"line":18,"column":33}},"3":{"start":{"line":19,"column":15},"end":{"line":19,"column":52}},"4":{"start":{"line":20,"column":4},"end":{"line":22,"column":5}},"5":{"start":{"line":21,"column":6},"end":{"line":21,"column":68}},"6":{"start":{"line":21,"column":51},"end":{"line":21,"column":63}},"7":{"start":{"line":23,"column":4},"end":{"line":23,"column":39}},"8":{"start":{"line":25,"column":4},"end":{"line":25,"column":33}},"9":{"start":{"line":25,"column":26},"end":{"line":25,"column":33}},"10":{"start":{"line":26,"column":4},"end":{"line":26,"column":17}},"11":{"start":{"line":28,"column":25},"end":{"line":32,"column":2}},"12":{"start":{"line":29,"column":4},"end":{"line":29,"column":72}},"13":{"start":{"line":31,"column":4},"end":{"line":31,"column":21}},"14":{"start":{"line":33,"column":19},"end":{"line":49,"column":4}},"15":{"start":{"line":34,"column":18},"end":{"line":41,"column":5}},"16":{"start":{"line":35,"column":8},"end":{"line":39,"column":10}},"17":{"start":{"line":36,"column":21},"end":{"line":36,"column":23}},"18":{"start":{"line":37,"column":12},"end":{"line":37,"column":95}},"19":{"start":{"line":37,"column":29},"end":{"line":37,"column":95}},"20":{"start":{"line":37,"column":77},"end":{"line":37,"column":95}},"21":{"start":{"line":38,"column":12},"end":{"line":38,"column":22}},"22":{"start":{"line":40,"column":8},"end":{"line":40,"column":26}},"23":{"start":{"line":42,"column":4},"end":{"line":48,"column":6}},"24":{"start":{"line":43,"column":8},"end":{"line":43,"column":46}},"25":{"start":{"line":43,"column":35},"end":{"line":43,"column":46}},"26":{"start":{"line":44,"column":21},"end":{"line":44,"column":23}},"27":{"start":{"line":45,"column":8},"end":{"line":45,"column":137}},"28":{"start":{"line":45,"column":25},"end":{"line":45,"column":137}},"29":{"start":{"line":45,"column":38},"end":{"line":45,"column":50}},"30":{"start":{"line":45,"column":56},"end":{"line":45,"column":57}},"31":{"start":{"line":45,"column":78},"end":{"line":45,"column":137}},"32":{"start":{"line":45,"column":102},"end":{"line":45,"column":137}},"33":{"start":{"line":46,"column":8},"end":{"line":46,"column":40}},"34":{"start":{"line":47,"column":8},"end":{"line":47,"column":22}},"35":{"start":{"line":50,"column":0},"end":{"line":50,"column":62}},"36":{"start":{"line":51,"column":0},"end":{"line":51,"column":636}},"37":{"start":{"line":52,"column":16},"end":{"line":52,"column":70}},"38":{"start":{"line":56,"column":0},"end":{"line":56,"column":78}},"39":{"start":{"line":57,"column":0},"end":{"line":57,"column":82}},"40":{"start":{"line":58,"column":0},"end":{"line":58,"column":72}},"41":{"start":{"line":59,"column":0},"end":{"line":59,"column":82}},"42":{"start":{"line":60,"column":0},"end":{"line":60,"column":74}},"43":{"start":{"line":64,"column":0},"end":{"line":64,"column":29}},"44":{"start":{"line":65,"column":0},"end":{"line":65,"column":30}},"45":{"start":{"line":66,"column":0},"end":{"line":66,"column":28}},"46":{"start":{"line":67,"column":0},"end":{"line":67,"column":26}},"47":{"start":{"line":68,"column":0},"end":{"line":68,"column":26}},"48":{"start":{"line":72,"column":0},"end":{"line":72,"column":34}},"49":{"start":{"line":73,"column":0},"end":{"line":73,"column":69}},"50":{"start":{"line":78,"column":0},"end":{"line":81,"column":2}},"51":{"start":{"line":82,"column":0},"end":{"line":86,"column":2}},"52":{"start":{"line":92,"column":0},"end":{"line":92,"column":32}},"53":{"start":{"line":98,"column":0},"end":{"line":98,"column":36}},"54":{"start":{"line":104,"column":0},"end":{"line":104,"column":34}},"55":{"start":{"line":105,"column":0},"end":{"line":108,"column":2}},"56":{"start":{"line":112,"column":0},"end":{"line":117,"column":3}},"57":{"start":{"line":118,"column":0},"end":{"line":126,"column":2}},"58":{"start":{"line":127,"column":0},"end":{"line":134,"column":2}},"59":{"start":{"line":135,"column":0},"end":{"line":138,"column":2}},"60":{"start":{"line":139,"column":0},"end":{"line":142,"column":2}},"61":{"start":{"line":143,"column":0},"end":{"line":146,"column":2}},"62":{"start":{"line":147,"column":0},"end":{"line":147,"column":61}}},"fnMap":{"0":{"name":"(anonymous_0)","decl":{"start":{"line":17,"column":74},"end":{"line":17,"column":75}},"loc":{"start":{"line":17,"column":96},"end":{"line":24,"column":1}},"line":17},"1":{"name":"(anonymous_1)","decl":{"start":{"line":21,"column":38},"end":{"line":21,"column":39}},"loc":{"start":{"line":21,"column":49},"end":{"line":21,"column":65}},"line":21},"2":{"name":"(anonymous_2)","decl":{"start":{"line":24,"column":6},"end":{"line":24,"column":7}},"loc":{"start":{"line":24,"column":28},"end":{"line":27,"column":1}},"line":24},"3":{"name":"(anonymous_3)","decl":{"start":{"line":28,"column":80},"end":{"line":28,"column":81}},"loc":{"start":{"line":28,"column":95},"end":{"line":30,"column":1}},"line":28},"4":{"name":"(anonymous_4)","decl":{"start":{"line":30,"column":5},"end":{"line":30,"column":6}},"loc":{"start":{"line":30,"column":20},"end":{"line":32,"column":1}},"line":30},"5":{"name":"(anonymous_5)","decl":{"start":{"line":33,"column":51},"end":{"line":33,"column":52}},"loc":{"start":{"line":33,"column":63},"end":{"line":49,"column":1}},"line":33},"6":{"name":"(anonymous_6)","decl":{"start":{"line":34,"column":18},"end":{"line":34,"column":19}},"loc":{"start":{"line":34,"column":30},"end":{"line":41,"column":5}},"line":34},"7":{"name":"(anonymous_7)","decl":{"start":{"line":35,"column":48},"end":{"line":35,"column":49}},"loc":{"start":{"line":35,"column":61},"end":{"line":39,"column":9}},"line":35},"8":{"name":"(anonymous_8)","decl":{"start":{"line":42,"column":11},"end":{"line":42,"column":12}},"loc":{"start":{"line":42,"column":26},"end":{"line":48,"column":5}},"line":42}},"branchMap":{"0":{"loc":{"start":{"line":17,"column":22},"end":{"line":27,"column":3}},"type":"binary-expr","locations":[{"start":{"line":17,"column":23},"end":{"line":17,"column":27}},{"start":{"line":17,"column":31},"end":{"line":17,"column":51}},{"start":{"line":17,"column":57},"end":{"line":27,"column":2}}],"line":17},"1":{"loc":{"start":{"line":17,"column":57},"end":{"line":27,"column":2}},"type":"cond-expr","locations":[{"start":{"line":17,"column":74},"end":{"line":24,"column":1}},{"start":{"line":24,"column":6},"end":{"line":27,"column":1}}],"line":17},"2":{"loc":{"start":{"line":18,"column":4},"end":{"line":18,"column":33}},"type":"if","locations":[{"start":{"line":18,"column":4},"end":{"line":18,"column":33}},{"start":{},"end":{}}],"line":18},"3":{"loc":{"start":{"line":20,"column":4},"end":{"line":22,"column":5}},"type":"if","locations":[{"start":{"line":20,"column":4},"end":{"line":22,"column":5}},{"start":{},"end":{}}],"line":20},"4":{"loc":{"start":{"line":20,"column":8},"end":{"line":20,"column":85}},"type":"binary-expr","locations":[{"start":{"line":20,"column":8},"end":{"line":20,"column":13}},{"start":{"line":20,"column":18},"end":{"line":20,"column":84}}],"line":20},"5":{"loc":{"start":{"line":20,"column":18},"end":{"line":20,"column":84}},"type":"cond-expr","locations":[{"start":{"line":20,"column":34},"end":{"line":20,"column":47}},{"start":{"line":20,"column":50},"end":{"line":20,"column":84}}],"line":20},"6":{"loc":{"start":{"line":20,"column":50},"end":{"line":20,"column":84}},"type":"binary-expr","locations":[{"start":{"line":20,"column":50},"end":{"line":20,"column":63}},{"start":{"line":20,"column":67},"end":{"line":20,"column":84}}],"line":20},"7":{"loc":{"start":{"line":25,"column":4},"end":{"line":25,"column":33}},"type":"if","locations":[{"start":{"line":25,"column":4},"end":{"line":25,"column":33}},{"start":{},"end":{}}],"line":25},"8":{"loc":{"start":{"line":28,"column":25},"end":{"line":32,"column":2}},"type":"binary-expr","locations":[{"start":{"line":28,"column":26},"end":{"line":28,"column":30}},{"start":{"line":28,"column":34},"end":{"line":28,"column":57}},{"start":{"line":28,"column":63},"end":{"line":32,"column":1}}],"line":28},"9":{"loc":{"start":{"line":28,"column":63},"end":{"line":32,"column":1}},"type":"cond-expr","locations":[{"start":{"line":28,"column":80},"end":{"line":30,"column":1}},{"start":{"line":30,"column":5},"end":{"line":32,"column":1}}],"line":28},"10":{"loc":{"start":{"line":33,"column":19},"end":{"line":49,"column":4}},"type":"binary-expr","locations":[{"start":{"line":33,"column":20},"end":{"line":33,"column":24}},{"start":{"line":33,"column":28},"end":{"line":33,"column":45}},{"start":{"line":33,"column":50},"end":{"line":49,"column":4}}],"line":33},"11":{"loc":{"start":{"line":35,"column":18},"end":{"line":39,"column":9}},"type":"binary-expr","locations":[{"start":{"line":35,"column":18},"end":{"line":35,"column":44}},{"start":{"line":35,"column":48},"end":{"line":39,"column":9}}],"line":35},"12":{"loc":{"start":{"line":37,"column":29},"end":{"line":37,"column":95}},"type":"if","locations":[{"start":{"line":37,"column":29},"end":{"line":37,"column":95}},{"start":{},"end":{}}],"line":37},"13":{"loc":{"start":{"line":43,"column":8},"end":{"line":43,"column":46}},"type":"if","locations":[{"start":{"line":43,"column":8},"end":{"line":43,"column":46}},{"start":{},"end":{}}],"line":43},"14":{"loc":{"start":{"line":43,"column":12},"end":{"line":43,"column":33}},"type":"binary-expr","locations":[{"start":{"line":43,"column":12},"end":{"line":43,"column":15}},{"start":{"line":43,"column":19},"end":{"line":43,"column":33}}],"line":43},"15":{"loc":{"start":{"line":45,"column":8},"end":{"line":45,"column":137}},"type":"if","locations":[{"start":{"line":45,"column":8},"end":{"line":45,"column":137}},{"start":{},"end":{}}],"line":45},"16":{"loc":{"start":{"line":45,"column":78},"end":{"line":45,"column":137}},"type":"if","locations":[{"start":{"line":45,"column":78},"end":{"line":45,"column":137}},{"start":{},"end":{}}],"line":45}},"s":{"0":2,"1":0,"2":0,"3":0,"4":0,"5":0,"6":0,"7":0,"8":0,"9":0,"10":0,"11":2,"12":0,"13":0,"14":2,"15":2,"16":0,"17":0,"18":0,"19":0,"20":0,"21":0,"22":0,"23":2,"24":2,"25":2,"26":0,"27":0,"28":0,"29":0,"30":0,"31":0,"32":0,"33":0,"34":0,"35":2,"36":2,"37":2,"38":2,"39":2,"40":2,"41":2,"42":2,"43":2,"44":2,"45":2,"46":2,"47":2,"48":2,"49":2,"50":2,"51":2,"52":2,"53":2,"54":2,"55":2,"56":2,"57":2,"58":2,"59":2,"60":2,"61":2,"62":2},"f":{"0":0,"1":0,"2":0,"3":0,"4":0,"5":2,"6":0,"7":0,"8":2},"b":{"0":[2,2,2],"1":[2,0],"2":[0,0],"3":[0,0],"4":[0,0],"5":[0,0],"6":[0,0],"7":[0,0],"8":[2,2,2],"9":[2,0],"10":[2,2,2],"11":[0,0],"12":[0,0],"13":[2,0],"14":[2,2],"15":[0,0],"16":[0,0]},"inputSourceMap":null,"_coverageSchema":"1a1c01bbd47fc00a2c39e90264f33305004495a9","hash":"cdac4e7a3de0bbafb23aed9cff94223cf783625e"}
,"C:\\Users\\satyo\\Documents\\developer projects\\helpers\\ai-fullstack-engineer\\project-01-typescript-api\\dist\\src\\lib\\prisma.js": {"path":"C:\\Users\\satyo\\Documents\\developer projects\\helpers\\ai-fullstack-engineer\\project-01-typescript-api\\dist\\src\\lib\\prisma.js","statementMap":{"0":{"start":{"line":3,"column":0},"end":{"line":3,"column":62}},"1":{"start":{"line":4,"column":0},"end":{"line":4,"column":25}},"2":{"start":{"line":5,"column":17},"end":{"line":5,"column":54}},"3":{"start":{"line":6,"column":21},"end":{"line":6,"column":50}},"4":{"start":{"line":8,"column":16},"end":{"line":10,"column":2}},"5":{"start":{"line":12,"column":15},"end":{"line":14,"column":2}},"6":{"start":{"line":16,"column":0},"end":{"line":16,"column":25}}},"fnMap":{},"branchMap":{},"s":{"0":2,"1":2,"2":2,"3":2,"4":2,"5":2,"6":2},"f":{},"b":{},"inputSourceMap":null,"_coverageSchema":"1a1c01bbd47fc00a2c39e90264f33305004495a9","hash":"75be48e20d9a0fdf5e9885ccb2c7b5d05de7ae0d"}
,"C:\\Users\\satyo\\Documents\\developer projects\\helpers\\ai-fullstack-engineer\\project-01-typescript-api\\dist\\src\\middleware\\authMiddleware.js": {"path":"C:\\Users\\satyo\\Documents\\developer projects\\helpers\\ai-fullstack-engineer\\project-01-typescript-api\\dist\\src\\middleware\\authMiddleware.js","statementMap":{"0":{"start":{"line":11,"column":22},"end":{"line":13,"column":1}},"1":{"start":{"line":12,"column":4},"end":{"line":12,"column":62}},"2":{"start":{"line":14,"column":0},"end":{"line":14,"column":62}},"3":{"start":{"line":15,"column":23},"end":{"line":15,"column":63}},"4":{"start":{"line":16,"column":19},"end":{"line":16,"column":64}},"5":{"start":{"line":17,"column":19},"end":{"line":17,"column":41}},"6":{"start":{"line":18,"column":0},"end":{"line":20,"column":1}},"7":{"start":{"line":19,"column":4},"end":{"line":19,"column":49}},"8":{"start":{"line":22,"column":20},"end":{"line":24,"column":1}},"9":{"start":{"line":23,"column":4},"end":{"line":23,"column":47}},"10":{"start":{"line":25,"column":23},"end":{"line":53,"column":1}},"11":{"start":{"line":26,"column":23},"end":{"line":26,"column":48}},"12":{"start":{"line":27,"column":4},"end":{"line":29,"column":5}},"13":{"start":{"line":28,"column":8},"end":{"line":28,"column":69}},"14":{"start":{"line":30,"column":28},"end":{"line":30,"column":49}},"15":{"start":{"line":31,"column":4},"end":{"line":33,"column":5}},"16":{"start":{"line":32,"column":8},"end":{"line":32,"column":74}},"17":{"start":{"line":34,"column":4},"end":{"line":52,"column":5}},"18":{"start":{"line":35,"column":24},"end":{"line":35,"column":72}},"19":{"start":{"line":36,"column":8},"end":{"line":41,"column":9}},"20":{"start":{"line":40,"column":12},"end":{"line":40,"column":63}},"21":{"start":{"line":43,"column":8},"end":{"line":43,"column":36}},"22":{"start":{"line":44,"column":8},"end":{"line":44,"column":36}},"23":{"start":{"line":45,"column":8},"end":{"line":45,"column":15}},"24":{"start":{"line":48,"column":8},"end":{"line":50,"column":9}},"25":{"start":{"line":49,"column":12},"end":{"line":49,"column":24}},"26":{"start":{"line":51,"column":8},"end":{"line":51,"column":70}},"27":{"start":{"line":54,"column":0},"end":{"line":54,"column":33}}},"fnMap":{"0":{"name":"(anonymous_0)","decl":{"start":{"line":11,"column":56},"end":{"line":11,"column":57}},"loc":{"start":{"line":11,"column":71},"end":{"line":13,"column":1}},"line":11},"1":{"name":"(anonymous_1)","decl":{"start":{"line":22,"column":20},"end":{"line":22,"column":21}},"loc":{"start":{"line":22,"column":30},"end":{"line":24,"column":1}},"line":22},"2":{"name":"(anonymous_2)","decl":{"start":{"line":25,"column":23},"end":{"line":25,"column":24}},"loc":{"start":{"line":25,"column":44},"end":{"line":53,"column":1}},"line":25}},"branchMap":{"0":{"loc":{"start":{"line":11,"column":22},"end":{"line":13,"column":1}},"type":"binary-expr","locations":[{"start":{"line":11,"column":23},"end":{"line":11,"column":27}},{"start":{"line":11,"column":31},"end":{"line":11,"column":51}},{"start":{"line":11,"column":56},"end":{"line":13,"column":1}}],"line":11},"1":{"loc":{"start":{"line":12,"column":11},"end":{"line":12,"column":61}},"type":"cond-expr","locations":[{"start":{"line":12,"column":37},"end":{"line":12,"column":40}},{"start":{"line":12,"column":43},"end":{"line":12,"column":61}}],"line":12},"2":{"loc":{"start":{"line":12,"column":12},"end":{"line":12,"column":33}},"type":"binary-expr","locations":[{"start":{"line":12,"column":12},"end":{"line":12,"column":15}},{"start":{"line":12,"column":19},"end":{"line":12,"column":33}}],"line":12},"3":{"loc":{"start":{"line":18,"column":0},"end":{"line":20,"column":1}},"type":"if","locations":[{"start":{"line":18,"column":0},"end":{"line":20,"column":1}},{"start":{},"end":{}}],"line":18},"4":{"loc":{"start":{"line":23,"column":11},"end":{"line":23,"column":46}},"type":"binary-expr","locations":[{"start":{"line":23,"column":11},"end":{"line":23,"column":26}},{"start":{"line":23,"column":30},"end":{"line":23,"column":46}}],"line":23},"5":{"loc":{"start":{"line":27,"column":4},"end":{"line":29,"column":5}},"type":"if","locations":[{"start":{"line":27,"column":4},"end":{"line":29,"column":5}},{"start":{},"end":{}}],"line":27},"6":{"loc":{"start":{"line":31,"column":4},"end":{"line":33,"column":5}},"type":"if","locations":[{"start":{"line":31,"column":4},"end":{"line":33,"column":5}},{"start":{},"end":{}}],"line":31},"7":{"loc":{"start":{"line":31,"column":8},"end":{"line":31,"column":37}},"type":"binary-expr","locations":[{"start":{"line":31,"column":8},"end":{"line":31,"column":27}},{"start":{"line":31,"column":31},"end":{"line":31,"column":37}}],"line":31},"8":{"loc":{"start":{"line":36,"column":8},"end":{"line":41,"column":9}},"type":"if","locations":[{"start":{"line":36,"column":8},"end":{"line":41,"column":9}},{"start":{},"end":{}}],"line":36},"9":{"loc":{"start":{"line":36,"column":12},"end":{"line":39,"column":38}},"type":"binary-expr","locations":[{"start":{"line":36,"column":12},"end":{"line":36,"column":39}},{"start":{"line":37,"column":12},"end":{"line":37,"column":28}},{"start":{"line":38,"column":12},"end":{"line":38,"column":46}},{"start":{"line":39,"column":12},"end":{"line":39,"column":38}}],"line":36},"10":{"loc":{"start":{"line":48,"column":8},"end":{"line":50,"column":9}},"type":"if","locations":[{"start":{"line":48,"column":8},"end":{"line":50,"column":9}},{"start":{},"end":{}}],"line":48}},"s":{"0":2,"1":4,"2":2,"3":2,"4":2,"5":2,"6":2,"7":0,"8":2,"9":28,"10":2,"11":32,"12":32,"13":3,"14":29,"15":29,"16":0,"17":29,"18":29,"19":28,"20":0,"21":28,"22":28,"23":28,"24":1,"25":0,"26":1,"27":2},"f":{"0":4,"1":28,"2":32},"b":{"0":[2,2,2],"1":[2,2],"2":[4,4],"3":[0,2],"4":[28,20],"5":[3,29],"6":[0,29],"7":[29,29],"8":[0,28],"9":[28,28,28,28],"10":[0,1]},"inputSourceMap":null,"_coverageSchema":"1a1c01bbd47fc00a2c39e90264f33305004495a9","hash":"7a78b67d1f911c89db7a2a6950eb0d0e4e124b89"}
,"C:\\Users\\satyo\\Documents\\developer projects\\helpers\\ai-fullstack-engineer\\project-01-typescript-api\\dist\\src\\middleware\\authorizeRoles.js": {"path":"C:\\Users\\satyo\\Documents\\developer projects\\helpers\\ai-fullstack-engineer\\project-01-typescript-api\\dist\\src\\middleware\\authorizeRoles.js","statementMap":{"0":{"start":{"line":2,"column":22},"end":{"line":4,"column":1}},"1":{"start":{"line":3,"column":4},"end":{"line":3,"column":62}},"2":{"start":{"line":5,"column":0},"end":{"line":5,"column":62}},"3":{"start":{"line":6,"column":19},"end":{"line":6,"column":64}},"4":{"start":{"line":7,"column":23},"end":{"line":17,"column":1}},"5":{"start":{"line":8,"column":4},"end":{"line":16,"column":6}},"6":{"start":{"line":9,"column":8},"end":{"line":11,"column":9}},"7":{"start":{"line":10,"column":12},"end":{"line":10,"column":73}},"8":{"start":{"line":12,"column":8},"end":{"line":14,"column":9}},"9":{"start":{"line":13,"column":12},"end":{"line":13,"column":63}},"10":{"start":{"line":15,"column":8},"end":{"line":15,"column":15}},"11":{"start":{"line":18,"column":0},"end":{"line":18,"column":33}}},"fnMap":{"0":{"name":"(anonymous_0)","decl":{"start":{"line":2,"column":56},"end":{"line":2,"column":57}},"loc":{"start":{"line":2,"column":71},"end":{"line":4,"column":1}},"line":2},"1":{"name":"(anonymous_1)","decl":{"start":{"line":7,"column":23},"end":{"line":7,"column":24}},"loc":{"start":{"line":7,"column":44},"end":{"line":17,"column":1}},"line":7},"2":{"name":"(anonymous_2)","decl":{"start":{"line":8,"column":11},"end":{"line":8,"column":12}},"loc":{"start":{"line":8,"column":32},"end":{"line":16,"column":5}},"line":8}},"branchMap":{"0":{"loc":{"start":{"line":2,"column":22},"end":{"line":4,"column":1}},"type":"binary-expr","locations":[{"start":{"line":2,"column":23},"end":{"line":2,"column":27}},{"start":{"line":2,"column":31},"end":{"line":2,"column":51}},{"start":{"line":2,"column":56},"end":{"line":4,"column":1}}],"line":2},"1":{"loc":{"start":{"line":3,"column":11},"end":{"line":3,"column":61}},"type":"cond-expr","locations":[{"start":{"line":3,"column":37},"end":{"line":3,"column":40}},{"start":{"line":3,"column":43},"end":{"line":3,"column":61}}],"line":3},"2":{"loc":{"start":{"line":3,"column":12},"end":{"line":3,"column":33}},"type":"binary-expr","locations":[{"start":{"line":3,"column":12},"end":{"line":3,"column":15}},{"start":{"line":3,"column":19},"end":{"line":3,"column":33}}],"line":3},"3":{"loc":{"start":{"line":9,"column":8},"end":{"line":11,"column":9}},"type":"if","locations":[{"start":{"line":9,"column":8},"end":{"line":11,"column":9}},{"start":{},"end":{}}],"line":9},"4":{"loc":{"start":{"line":12,"column":8},"end":{"line":14,"column":9}},"type":"if","locations":[{"start":{"line":12,"column":8},"end":{"line":14,"column":9}},{"start":{},"end":{}}],"line":12}},"s":{"0":2,"1":2,"2":2,"3":2,"4":2,"5":4,"6":15,"7":0,"8":15,"9":2,"10":13,"11":2},"f":{"0":2,"1":4,"2":15},"b":{"0":[2,2,2],"1":[2,0],"2":[2,2],"3":[0,15],"4":[2,13]},"inputSourceMap":null,"_coverageSchema":"1a1c01bbd47fc00a2c39e90264f33305004495a9","hash":"bcd7abbc9f6084a093c8499153d56bd8fb646d86"}
,"C:\\Users\\satyo\\Documents\\developer projects\\helpers\\ai-fullstack-engineer\\project-01-typescript-api\\dist\\src\\middleware\\authorizeSelfOrAdmin.js": {"path":"C:\\Users\\satyo\\Documents\\developer projects\\helpers\\ai-fullstack-engineer\\project-01-typescript-api\\dist\\src\\middleware\\authorizeSelfOrAdmin.js","statementMap":{"0":{"start":{"line":2,"column":22},"end":{"line":4,"column":1}},"1":{"start":{"line":3,"column":4},"end":{"line":3,"column":62}},"2":{"start":{"line":5,"column":0},"end":{"line":5,"column":62}},"3":{"start":{"line":6,"column":19},"end":{"line":6,"column":64}},"4":{"start":{"line":7,"column":29},"end":{"line":20,"column":1}},"5":{"start":{"line":8,"column":4},"end":{"line":10,"column":5}},"6":{"start":{"line":9,"column":8},"end":{"line":9,"column":69}},"7":{"start":{"line":11,"column":28},"end":{"line":11,"column":49}},"8":{"start":{"line":12,"column":4},"end":{"line":15,"column":5}},"9":{"start":{"line":13,"column":8},"end":{"line":13,"column":15}},"10":{"start":{"line":14,"column":8},"end":{"line":14,"column":15}},"11":{"start":{"line":16,"column":4},"end":{"line":18,"column":5}},"12":{"start":{"line":17,"column":8},"end":{"line":17,"column":82}},"13":{"start":{"line":19,"column":4},"end":{"line":19,"column":11}},"14":{"start":{"line":21,"column":0},"end":{"line":21,"column":39}}},"fnMap":{"0":{"name":"(anonymous_0)","decl":{"start":{"line":2,"column":56},"end":{"line":2,"column":57}},"loc":{"start":{"line":2,"column":71},"end":{"line":4,"column":1}},"line":2},"1":{"name":"(anonymous_1)","decl":{"start":{"line":7,"column":29},"end":{"line":7,"column":30}},"loc":{"start":{"line":7,"column":50},"end":{"line":20,"column":1}},"line":7}},"branchMap":{"0":{"loc":{"start":{"line":2,"column":22},"end":{"line":4,"column":1}},"type":"binary-expr","locations":[{"start":{"line":2,"column":23},"end":{"line":2,"column":27}},{"start":{"line":2,"column":31},"end":{"line":2,"column":51}},{"start":{"line":2,"column":56},"end":{"line":4,"column":1}}],"line":2},"1":{"loc":{"start":{"line":3,"column":11},"end":{"line":3,"column":61}},"type":"cond-expr","locations":[{"start":{"line":3,"column":37},"end":{"line":3,"column":40}},{"start":{"line":3,"column":43},"end":{"line":3,"column":61}}],"line":3},"2":{"loc":{"start":{"line":3,"column":12},"end":{"line":3,"column":33}},"type":"binary-expr","locations":[{"start":{"line":3,"column":12},"end":{"line":3,"column":15}},{"start":{"line":3,"column":19},"end":{"line":3,"column":33}}],"line":3},"3":{"loc":{"start":{"line":8,"column":4},"end":{"line":10,"column":5}},"type":"if","locations":[{"start":{"line":8,"column":4},"end":{"line":10,"column":5}},{"start":{},"end":{}}],"line":8},"4":{"loc":{"start":{"line":8,"column":8},"end":{"line":8,"column":36}},"type":"binary-expr","locations":[{"start":{"line":8,"column":8},"end":{"line":8,"column":19}},{"start":{"line":8,"column":23},"end":{"line":8,"column":36}}],"line":8},"5":{"loc":{"start":{"line":12,"column":4},"end":{"line":15,"column":5}},"type":"if","locations":[{"start":{"line":12,"column":4},"end":{"line":15,"column":5}},{"start":{},"end":{}}],"line":12},"6":{"loc":{"start":{"line":16,"column":4},"end":{"line":18,"column":5}},"type":"if","locations":[{"start":{"line":16,"column":4},"end":{"line":18,"column":5}},{"start":{},"end":{}}],"line":16}},"s":{"0":2,"1":2,"2":2,"3":2,"4":2,"5":9,"6":0,"7":9,"8":9,"9":4,"10":4,"11":5,"12":2,"13":3,"14":2},"f":{"0":2,"1":9},"b":{"0":[2,2,2],"1":[2,0],"2":[2,2],"3":[0,9],"4":[9,9],"5":[4,5],"6":[2,3]},"inputSourceMap":null,"_coverageSchema":"1a1c01bbd47fc00a2c39e90264f33305004495a9","hash":"58da230c4bc967acee21c20bf5dfb51ba9f9bd67"}
,"C:\\Users\\satyo\\Documents\\developer projects\\helpers\\ai-fullstack-engineer\\project-01-typescript-api\\dist\\src\\middleware\\errorHandler.js": {"path":"C:\\Users\\satyo\\Documents\\developer projects\\helpers\\ai-fullstack-engineer\\project-01-typescript-api\\dist\\src\\middleware\\errorHandler.js","statementMap":{"0":{"start":{"line":3,"column":22},"end":{"line":5,"column":1}},"1":{"start":{"line":4,"column":4},"end":{"line":4,"column":62}},"2":{"start":{"line":6,"column":0},"end":{"line":6,"column":62}},"3":{"start":{"line":7,"column":14},"end":{"line":7,"column":28}},"4":{"start":{"line":8,"column":17},"end":{"line":8,"column":54}},"5":{"start":{"line":9,"column":19},"end":{"line":9,"column":64}},"6":{"start":{"line":11,"column":21},"end":{"line":83,"column":1}},"7":{"start":{"line":13,"column":4},"end":{"line":19,"column":5}},"8":{"start":{"line":14,"column":8},"end":{"line":17,"column":11}},"9":{"start":{"line":18,"column":8},"end":{"line":18,"column":15}},"10":{"start":{"line":21,"column":4},"end":{"line":38,"column":5}},"11":{"start":{"line":23,"column":8},"end":{"line":29,"column":9}},"12":{"start":{"line":24,"column":12},"end":{"line":27,"column":15}},"13":{"start":{"line":28,"column":12},"end":{"line":28,"column":19}},"14":{"start":{"line":31,"column":8},"end":{"line":37,"column":9}},"15":{"start":{"line":32,"column":12},"end":{"line":35,"column":15}},"16":{"start":{"line":36,"column":12},"end":{"line":36,"column":19}},"17":{"start":{"line":40,"column":4},"end":{"line":46,"column":5}},"18":{"start":{"line":41,"column":8},"end":{"line":44,"column":11}},"19":{"start":{"line":45,"column":8},"end":{"line":45,"column":15}},"20":{"start":{"line":66,"column":4},"end":{"line":76,"column":5}},"21":{"start":{"line":67,"column":8},"end":{"line":74,"column":11}},"22":{"start":{"line":70,"column":47},"end":{"line":73,"column":13}},"23":{"start":{"line":75,"column":8},"end":{"line":75,"column":15}},"24":{"start":{"line":78,"column":4},"end":{"line":78,"column":23}},"25":{"start":{"line":79,"column":4},"end":{"line":82,"column":7}},"26":{"start":{"line":84,"column":0},"end":{"line":84,"column":31}}},"fnMap":{"0":{"name":"(anonymous_0)","decl":{"start":{"line":3,"column":56},"end":{"line":3,"column":57}},"loc":{"start":{"line":3,"column":71},"end":{"line":5,"column":1}},"line":3},"1":{"name":"(anonymous_1)","decl":{"start":{"line":11,"column":21},"end":{"line":11,"column":22}},"loc":{"start":{"line":11,"column":48},"end":{"line":83,"column":1}},"line":11},"2":{"name":"(anonymous_2)","decl":{"start":{"line":70,"column":35},"end":{"line":70,"column":36}},"loc":{"st
[...]
,"C:\\Users\\satyo\\Documents\\developer projects\\helpers\\ai-fullstack-engineer\\project-01-typescript-api\\src\\schemas\\auth.schema.ts": {"path":"C:\\Users\\satyo\\Documents\\developer projects\\helpers\\ai-fullstack-engineer\\project-01-typescript-api\\src\\schemas\\auth.schema.ts","statementMap":{"0":{"start":{"line":1,"column":0},"end":{"line":1,"column":24}},"1":{"start":{"line":3,"column":13},"end":{"line":18,"column":3}},"2":{"start":{"line":21,"column":13},"end":{"line":31,"column":3}}},"fnMap":{},"branchMap":{},"s":{"0":2,"1":2,"2":2},"f":{},"b":{}}
,"C:\\Users\\satyo\\Documents\\developer projects\\helpers\\ai-fullstack-engineer\\project-01-typescript-api\\src\\schemas\\user.schema.ts": {"path":"C:\\Users\\satyo\\Documents\\developer projects\\helpers\\ai-fullstack-engineer\\project-01-typescript-api\\src\\schemas\\user.schema.ts","statementMap":{"0":{"start":{"line":1,"column":0},"end":{"line":1,"column":24}},"1":{"start":{"line":3,"column":13},"end":{"line":28,"column":4}},"2":{"start":{"line":23,"column":6},"end":{"line":24,"column":30}},"3":{"start":{"line":35,"column":13},"end":{"line":65,"column":3}}},"fnMap":{"0":{"name":"(anonymous_0)","decl":{"start":{"line":22,"column":4},"end":{"line":22,"column":5}},"loc":{"start":{"line":23,"column":6},"end":{"line":24,"column":30}}}},"branchMap":{"0":{"loc":{"start":{"line":23,"column":6},"end":{"line":24,"column":30}},"type":"binary-expr","locations":[{"start":{"line":23,"column":6},"end":{"line":23,"column":29}},{"start":{"line":24,"column":6},"end":{"line":24,"column":30}}]}},"s":{"0":2,"1":2,"2":1,"3":2},"f":{"0":1},"b":{"0":[1,0]}}
,"C:\\Users\\satyo\\Documents\\developer projects\\helpers\\ai-fullstack-engineer\\project-01-typescript-api\\src\\services\\auth.service.ts": {"path":"C:\\Users\\satyo\\Documents\\developer projects\\helpers\\ai-fullstack-engineer\\project-01-typescript-api\\src\\services\\auth.service.ts","statementMap":{"0":{"start":{"line":1,"column":0},"end":{"line":1,"column":28}},"1":{"start":{"line":2,"column":0},"end":{"line":2,"column":35}},"2":{"start":{"line":4,"column":0},"end":{"line":4,"column":41}},"3":{"start":{"line":5,"column":0},"end":{"line":5,"column":45}},"4":{"start":{"line":6,"column":0},"end":{"line":6,"column":79}},"5":{"start":{"line":9,"column":28},"end":{"line":27,"column":1}},"6":{"start":{"line":13,"column":25},"end":{"line":13,"column":61}},"7":{"start":{"line":15,"column":15},"end":{"line":21,"column":4}},"8":{"start":{"line":24,"column":49},"end":{"line":24,"column":53}},"9":{"start":{"line":26,"column":2},"end":{"line":26,"column":20}},"10":{"start":{"line":9,"column":13},"end":{"line":9,"column":28}},"11":{"start":{"line":31,"column":25},"end":{"line":88,"column":1}},"12":{"start":{"line":36,"column":15},"end":{"line":40,"column":4}},"13":{"start":{"line":42,"column":2},"end":{"line":44,"column":3}},"14":{"start":{"line":43,"column":4},"end":{"line":43,"column":57}},"15":{"start":{"line":46,"column":26},"end":{"line":48,"column":null}},"16":{"start":{"line":51,"column":2},"end":{"line":53,"column":3}},"17":{"start":{"line":52,"column":4},"end":{"line":52,"column":57}},"18":{"start":{"line":55,"column":49},"end":{"line":55,"column":53}},"19":{"start":{"line":58,"column":22},"end":{"line":60,"column":null}},"20":{"start":{"line":64,"column":23},"end":{"line":64,"column":45}},"21":{"start":{"line":67,"column":20},"end":{"line":67,"column":50}},"22":{"start":{"line":70,"column":20},"end":{"line":72,"column":null}},"23":{"start":{"line":75,"column":2},"end":{"line":81,"column":5}},"24":{"start":{"line":83,"column":2},"end":{"line":87,"column":4}},"25":{"start":{"line":31,"column":13},"end":{"line":31,"column":25}},"26":{"start":{"line":92,"column":30},"end":{"line":108,"column":1}},"27":{"start":{"line":95,"column":15},"end":{"line":99,"column":4}},"28":{"start":{"line":101,"column":2},"end":{"line":103,"column":3}},"29":{"start":{"line":102,"column":4},"end":{"line":102,"column":46}},"30":{"start":{"line":105,"column":49},"end":{"line":105,"column":53}},"31":{"start":{"line":107,"column":2},"end":{"line":107,"column":20}},"32":{"start":{"line":92,"column":13},"end":{"line":92,"column":30}},"33":{"start":{"line":112,"column":34},"end":{"line":198,"column":1}},"34":{"start":{"line":116,"column":20},"end":{"line":117,"column":null}},"35":{"start":{"line":121,"column":4},"end":{"line":128,"column":6}},"36":{"start":{"line":130,"column":2},"end":{"line":135,"column":3}},"37":{"start":{"line":131,"column":4},"end":{"line":134,"column":6}},"38":{"start":{"line":137,"column":2},"end":{"line":142,"column":3}},"39":{"start":{"line":138,"column":4},"end":{"line":141,"column":6}},"40":{"start":{"line":144,"column":2},"end":{"line":151,"column":3}},"41":{"start":{"line":147,"column":4},"end":{"line":150,"column":6}},"42":{"start":{"line":154,"column":22},"end":{"line":156,"column":null}},"43":{"start":{"line":161,"column":4},"end":{"line":161,"column":26}},"44":{"start":{"line":165,"column":4},"end":{"line":166,"column":null}},"45":{"start":{"line":170,"column":20},"end":{"line":172,"column":null}},"46":{"start":{"line":176,"column":2},"end":{"line":183,"column":5}},"47":{"start":{"line":186,"column":2},"end":{"line":192,"column":5}},"48":{"start":{"line":194,"column":2},"end":{"line":197,"column":4}},"49":{"start":{"line":112,"column":13},"end":{"line":112,"column":34}},"50":{"start":{"line":202,"column":26},"end":{"line":238,"column":1}},"51":{"start":{"line":205,"column":20},"end":{"line":206,"column":null}},"52":{"start":{"line":210,"column":4},"end":{"line":214,"column":6}},"53":{"start":{"line":216,"column":2},"end":{"line":221,"column":3}},"54":{"start":{"line":217,"column":4},"end":{"line":220,"column":6}},"55":{"start":{"line":223,"column":2},"end":{"line":228,"column":3}},"56":{"start":{"line":224,"column":4},"end":{"line":227,"column":6}},"57":{"start":{"line":230,"column":2},"end":{"line":237,"column":5}},"58":{"start":{"line":202,"column":13},"end":{"line":202,"column":26}}},"fnMap":{"0":{"name":"(anonymous_1)","decl":{"start":{"line":9,"column":28},"end":{"line":9,"column":33}},"loc":{"start":{"line":11,"column":25},"end":{"line":27,"column":1}}},"1":{"name":"(anonymous_2)","decl":{"start":{"line":31,"column":25},"end":{"line":31,"column":30}},"loc":{"start":{"line":34,"column":28},"end":{"line":88,"column":1}}},"2":{"name":"(anonymous_3)","decl":{"start":{"line":92,"column":30},"end":{"line":92,"column":35}},"loc":{"start":{"line":94,"column":25},"end":{"line":108,"column":1}}},"3":{"name":"(anonymous_4)","decl":{"start":{"line":112,"column":34},"end":{"line":112,"column":39}},"loc":{"start":{"line":114,"column":35},"end":{"line":198,"column":1}}},"4":{"name":"(anonymous_5)","decl":{"start":{"line":202,"column":26},"end":{"line":202,"column":31}},"loc":{"start":{"line":204,"column":19},"end":{"line":238,"column":1}}}},"branchMap":{"0":{"loc":{"start":{"line":42,"column":2},"end":{"line":44,"column":3}},"type":"if","locations":[{"start":{"line":42,"column":2},"end":{"line":44,"column":3}},{"start":{},"end":{}}]},"1":{"loc":{"start":{"line":51,"column":2},"end":{"line":53,"column":3}},"type":"if","locations":[{"start":{"line":51,"column":2},"end":{"line":53,"column":3}},{"start":{},"end":{}}]},"2":{"loc":{"start":{"line":101,"column":2},"end":{"line":103,"column":3}},"type":"if","locations":[{"start":{"line":101,"column":2},"end":{"line":103,"column":3}},{"start":{},"end":{}}]},"3":{"loc":{"start":{"line":130,"column":2},"end":{"line":135,"column":3}},"type":"if","locations":[{"start":{"line":130,"column":2},"end":{"line":135,"column":3}},{"start":{},"end":{}}]},"4":{"loc":{"start":{"line":137,"column":2},"end":{"line":142,"column":3}},"type":"if","locations":[{"start":{"line":137,"column":2},"end":{"line":142,"column":3}},{"start":{},"end":{}}]},"5":{"loc":{"start":{"line":144,"column":2},"end":{"line":151,"column":3}},"type":"if","locations":[{"start":{"line":144,"column":2},"end":{"line":151,"column":3}},{"start":{},"end":{}}]},"6":{"loc":{"start":{"line":216,"column":2},"end":{"line":221,"column":3}},"type":"if","locations":[{"start":{"line":216,"column":2},"end":{"line":221,"column":3}},{"start":{},"end":{}}]},"7":{"loc":{"start":{"line":223,"column":2},"end":{"line":228,"column":3}},"type":"if","locations":[{"start":{"line":223,"column":2},"end":{"line":228,"column":3}},{"start":{},"end":{}}]}},"s":{"0":2,"1":2,"2":2,"3":2,"4":2,"5":2,"6":50,"7":50,"8":49,"9":49,"10":2,"11":2,"12":33,"13":33,"14":1,"15":32,"16":32,"17":1,"18":31,"19":31,"20":31,"21":31,"22":31,"23":31,"24":31,"25":2,"26":2,"27":1,"28":1,"29":0,"30":1,"31":1,"32":2,"33":2,"34":5,"35":5,"36":5,"37":1,"38":4,"39":1,"40":3,"41":1,"42":2,"43":2,"44":2,"45":2,"46":2,"47":2,"48":2,"49":2,"50":2,"51":0,"52":0,"53":0,"54":0,"55":0,"56":0,"57":0,"58":2},"f":{"0":50,"1":33,"2":1,"3":5,"4":0},"b":{"0":[1,32],"1":[1,31],"2":[0,1],"3":[1,4],"4":[1,3],"5":[1,2],"6":[0,0],"7":[0,0]}}
,"C:\\Users\\satyo\\Documents\\developer projects\\helpers\\ai-fullstack-engineer\\project-01-typescript-api\\src\\services\\user.service.ts": {"path":"C:\\Users\\satyo\\Documents\\developer projects\\helpers\\ai-fullstack-engineer\\project-01-typescript-api\\src\\services\\user.service.ts","statementMap":{"0":{"start":{"line":2,"column":0},"end":{"line":2,"column":41}},"1":{"start":{"line":3,"column":0},"end":{"line":3,"column":35}},"2":{"start":{"line":6,"column":27},"end":{"line":81,"column":1}},"3":{"start":{"line":20,"column":72},"end":{"line":20,"column":77}},"4":{"start":{"line":23,"column":17},"end":{"line":23,"column":35}},"5":{"start":{"line":26,"column":18},"end":{"line":47,"column":6}},"6":{"start":{"line":50,"column":32},"end":{"line":63,"column":6}},"7":{"start":{"line":66,"column":24},"end":{"line":67,"column":null}},"8":{"start":{"line":67,"column":50},"end":{"line":67,"column":60}},"9":{"start":{"line":71,"column":4},"end":{"line":80,"column":6}},"10":{"start":{"line":6,"column":13},"end":{"line":6,"column":27}},"11":{"start":{"line":84,"column":27},"end":{"line":104,"column":1}},"12":{"start":{"line":87,"column":15},"end":{"line":89,"column":4}},"13":{"start":{"line":92,"column":2},"end":{"line":94,"column":3}},"14":{"start":{"line":93,"column":4},"end":{"line":93,"column":46}},"15":{"start":{"line":100,"column":6},"end":{"line":100,"column":10}},"16":{"start":{"line":103,"column":2},"end":{"line":103,"column":20}},"17":{"start":{"line":84,"column":13},"end":{"line":84,"column":27}},"18":{"start":{"line":107,"column":26},"end":{"line":155,"column":1}},"19":{"start":{"line":113,"column":15},"end":{"line":115,"column":4}},"20":{"start":{"line":118,"column":2},"end":{"line":120,"column":3}},"21":{"start":{"line":119,"column":4},"end":{"line":119,"column":46}},"22":{"start":{"line":123,"column":2},"end":{"line":138,"column":3}},"23":{"start":{"line":126,"column":6},"end":{"line":130,"column":8}},"24":{"start":{"line":132,"column":4},"end":{"line":137,"column":5}},"25":{"start":{"line":133,"column":6},"end":{"line":136,"column":8}},"26":{"start":{"line":142,"column":4},"end":{"line":145,"column":6}},"27":{"start":{"line":151,"column":6},"end":{"line":151,"column":17}},"28":{"start":{"line":154,"column":2},"end":{"line":154,"column":20}},"29":{"start":{"line":107,"column":13},"end":{"line":107,"column":26}},"30":{"start":{"line":159,"column":30},"end":{"line":179,"column":1}},"31":{"start":{"line":164,"column":15},"end":{"line":171,"column":4}},"32":{"start":{"line":176,"column":6},"end":{"line":176,"column":10}},"33":{"start":{"line":178,"column":2},"end":{"line":178,"column":20}},"34":{"start":{"line":159,"column":13},"end":{"line":159,"column":30}},"35":{"start":{"line":182,"column":26},"end":{"line":199,"column":1}},"36":{"start":{"line":186,"column":15},"end":{"line":188,"column":4}},"37":{"start":{"line":190,"column":2},"end":{"line":192,"column":3}},"38":{"start":{"line":191,"column":4},"end":{"line":191,"column":46}},"39":{"start":{"line":194,"column":2},"end":{"line":198,"column":5}},"40":{"start":{"line":182,"column":13},"end":{"line":182,"column":26}}},"fnMap":{"0":{"name":"(anonymous_1)","decl":{"start":{"line":6,"column":27},"end":{"line":6,"column":32}},"loc":{"start":{"line":14,"column":7},"end":{"line":81,"column":1}}},"1":{"name":"(anonymous_2)","decl":{"start":{"line":67,"column":6},"end":{"line":67,"column":7}},"loc":{"start":{"line":67,"column":50},"end":{"line":67,"column":60}}},"2":{"name":"(anonymous_3)","decl":{"start":{"line":84,"column":27},"end":{"line":84,"column":32}},"loc":{"start":{"line":84,"column":69},"end":{"line":104,"column":1}}},"3":{"name":"(anonymous_4)","decl":{"start":{"line":107,"column":26},"end":{"line":107,"column":31}},"loc":{"start":{"line":110,"column":25},"end":{"line":155,"column":1}}},"4":{"name":"(anonymous_5)","decl":{"start":{"line":159,"column":30},"end":{"line":159,"column":35}},"loc":{"start":{"line":162,"column":25},"end":{"line":179,"column":1}}},"5":{"name":"(anonymous_6)","decl":{"start":{"line":182,"column":26},"end":{"line":182,"column":31}},"loc":{"start":{"line":184,"column":19},"end":{"line":199,"column":1}}}},"branchMap":{"0":{"loc":{"start":{"line":20,"column":39},"end":{"line":20,"column":50}},"type":"default-arg","locations":[{"start":{"line":20,"column":46},"end":{"line":20,"column":50}}]},"1":{"loc":{"start":{"line":20,"column":52},"end":{"line":20,"column":67}},"type":"default-arg","locations":[{"start":{"line":20,"column":62},"end":{"line":20,"column":67}}]},"2":{"loc":{"start":{"line":27,"column":10},"end":{"line":42,"column":8}},"type":"binary-expr","locations":[{"start":{"line":27,"column":10},"end":{"line":27,"column":16}},{"start":{"line":27,"column":20},"end":{"line":42,"column":8}}]},"3":{"loc":{"start":{"line":44,"column":10},"end":{"line":46,"column":8}},"type":"binary-expr","locations":[{"start":{"line":44,"column":10},"end":{"line":44,"column":14}},{"start":{"line":44,"column":18},"end":{"line":46,"column":8}}]},"4":{"loc":{"start":{"line":92,"column":2},"end":{"line":94,"column":3}},"type":"if","locations":[{"start":{"line":92,"column":2},"end":{"line":94,"column":3}},{"start":{},"end":{}}]},"5":{"loc":{"start":{"line":118,"column":2},"end":{"line":120,"column":3}},"type":"if","locations":[{"start":{"line":118,"column":2},"end":{"line":120,"column":3}},{"start":{},"end":{}}]},"6":{"loc":{"start":{"line":123,"column":2},"end":{"line":138,"column":3}},"type":"if","locations":[{"start":{"line":123,"column":2},"end":{"line":138,"column":3}},{"start":{},"end":{}}]},"7":{"loc":{"start":{"line":123,"column":6},"end":{"line":123,"column":45}},"type":"binary-expr","locations":[{"start":{"line":123,"column":6},"end":{"line":123,"column":16}},{"start":{"line":123,"column":20},"end":{"line":123,"column":45}}]},"8":{"loc":{"start":{"line":132,"column":4},"end":{"line":137,"column":5}},"type":"if","locations":[{"start":{"line":132,"column":4},"end":{"line":137,"column":5}},{"start":{},"end":{}}]},"9":{"loc":{"start":{"line":190,"column":2},"end":{"line":192,"column":3}},"type":"if","locations":[{"start":{"line":190,"column":2},"end":{"line":192,"column":3}},{"start":{},"end":{}}]}},"s":{"0":2,"1":2,"2":2,"3":6,"4":6,"5":6,"6":6,"7":6,"8":10,"9":6,"10":2,"11":2,"12":3,"13":3,"14":1,"15":2,"16":2,"17":2,"18":2,"19":1,"20":1,"21":0,"22":1,"23":1,"24":1,"25":0,"26":1,"27":1,"28":1,"29":2,"30":2,"31":2,"32":1,"33":1,"34":2,"35":2,"36":3,"37":3,"38":1,"39":2,"40":2},"f":{"0":6,"1":10,"2":3,"3":1,"4":2,"5":3},"b":{"0":[0],"1":[0],"2":[6,1],"3":[6,1],"4":[1,2],"5":[0,1],"6":[1,0],"7":[1,1],"8":[0,1],"9":[1,2]}}
,"C:\\Users\\satyo\\Documents\\developer projects\\helpers\\ai-fullstack-engineer\\project-01-typescript-api\\src\\utils\\AppError.ts": {"path":"C:\\Users\\satyo\\Documents\\developer projects\\helpers\\ai-fullstack-engineer\\project-01-typescript-api\\src\\utils\\AppError.ts","statementMap":{"0":{"start":{"line":6,"column":4},"end":{"line":6,"column":19}},"1":{"start":{"line":8,"column":4},"end":{"line":8,"column":33}},"2":{"start":{"line":10,"column":4},"end":{"line":10,"column":52}},"3":{"start":{"line":14,"column":0},"end":{"line":14,"column":24}}},"fnMap":{"0":{"name":"(anonymous_0)","decl":{"start":{"line":5,"column":2},"end":{"line":5,"column":14}},"loc":{"start":{"line":5,"column":49},"end":{"line":11,"column":3}}}},"branchMap":{},"s":{"0":16,"1":16,"2":16,"3":2},"f":{"0":16},"b":{}}
,"C:\\Users\\satyo\\Documents\\developer projects\\helpers\\ai-fullstack-engineer\\project-01-typescript-api\\src\\utils\\asyncHandler.ts": {"path":"C:\\Users\\satyo\\Documents\\developer projects\\helpers\\ai-fullstack-engineer\\project-01-typescript-api\\src\\utils\\asyncHandler.ts","statementMap":{"0":{"start":{"line":13,"column":21},"end":{"line":24,"column":1}},"1":{"start":{"line":16,"column":2},"end":{"line":23,"column":4}},"2":{"start":{"line":21,"column":4},"end":{"line":22,"column":19}},"3":{"start":{"line":26,"column":0},"end":{"line":26,"column":28}}},"fnMap":{"0":{"name":"(anonymous_0)","decl":{"start":{"line":13,"column":21},"end":{"line":13,"column":null}},"loc":{"start":{"line":15,"column":4},"end":{"line":24,"column":1}}},"1":{"name":"(anonymous_1)","decl":{"start":{"line":16,"column":9},"end":{"line":16,"column":null}},"loc":{"start":{"line":20,"column":6},"end":{"line":23,"column":3}}}},"branchMap":{},"s":{"0":2,"1":20,"2":104,"3":2},"f":{"0":20,"1":104},"b":{}}
,"C:\\Users\\satyo\\Documents\\developer projects\\helpers\\ai-fullstack-engineer\\project-01-typescript-api\\src\\utils\\jwt.ts": {"path":"C:\\Users\\satyo\\Documents\\developer projects\\helpers\\ai-fullstack-engineer\\project-01-typescript-api\\src\\utils\\jwt.ts","statementMap":{"0":{"start":{"line":3,"column":0},"end":{"line":3,"column":31}},"1":{"start":{"line":6,"column":19},"end":{"line":6,"column":41}},"2":{"start":{"line":8,"column":0},"end":{"line":10,"column":1}},"3":{"start":{"line":9,"column":2},"end":{"line":9,"column":47}},"4":{"start":{"line":17,"column":29},"end":{"line":25,"column":1}},"5":{"start":{"line":18,"column":2},"end":{"line":24,"column":4}},"6":{"start":{"line":17,"column":13},"end":{"line":17,"column":29}}},"fnMap":{"0":{"name":"(anonymous_1)","decl":{"start":{"line":17,"column":29},"end":{"line":17,"column":30}},"loc":{"start":{"line":17,"column":68},"end":{"line":25,"column":1}}}},"branchMap":{"0":{"loc":{"start":{"line":8,"column":0},"end":{"line":10,"column":1}},"type":"if","locations":[{"start":{"line":8,"column":0},"end":{"line":10,"column":1}},{"start":{},"end":{}}]}},"s":{"0":2,"1":2,"2":2,"3":0,"4":2,"5":33,"6":2},"f":{"0":33},"b":{"0":[0,2]}}
,"C:\\Users\\satyo\\Documents\\developer projects\\helpers\\ai-fullstack-engineer\\project-01-typescript-api\\src\\utils\\refreshToken.ts": {"path":"C:\\Users\\satyo\\Documents\\developer projects\\helpers\\ai-fullstack-engineer\\project-01-typescript-api\\src\\utils\\refreshToken.ts","statementMap":{"0":{"start":{"line":1,"column":0},"end":{"line":1,"column":28}},"1":{"start":{"line":3,"column":36},"end":{"line":5,"column":1}},"2":{"start":{"line":4,"column":2},"end":{"line":4,"column":48}},"3":{"start":{"line":3,"column":13},"end":{"line":3,"column":36}},"4":{"start":{"line":7,"column":32},"end":{"line":14,"column":1}},"5":{"start":{"line":10,"column":2},"end":{"line":13,"column":19}},"6":{"start":{"line":7,"column":13},"end":{"line":7,"column":32}}},"fnMap":{"0":{"name":"(anonymous_1)","decl":{"start":{"line":3,"column":36},"end":{"line":3,"column":47}},"loc":{"start":{"line":3,"column":49},"end":{"line":5,"column":1}}},"1":{"name":"(anonymous_2)","decl":{"start":{"line":7,"column":32},"end":{"line":7,"column":null}},"loc":{"start":{"line":9,"column":12},"end":{"line":14,"column":1}}}},"branchMap":{},"s":{"0":2,"1":2,"2":34,"3":2,"4":2,"5":39,"6":2},"f":{"0":34,"1":39},"b":{}}
}
