TN:
SF:dist\src\app.js
FN:2,(anonymous_0)
FNF:1
FNH:1
FNDA:18,(anonymous_0)
DA:2,2
DA:3,18
DA:5,2
DA:6,2
DA:7,2
DA:8,2
DA:9,2
DA:10,2
DA:11,2
DA:12,2
DA:13,2
DA:14,2
DA:15,2
DA:17,2
DA:19,2
DA:24,2
DA:26,2
DA:28,2
DA:29,2
DA:30,2
DA:32,2
DA:33,2
LF:22
LH:22
BRDA:2,0,0,2
BRDA:2,0,1,2
BRDA:2,0,2,2
BRDA:3,1,0,8
BRDA:3,1,1,10
BRDA:3,2,0,18
BRDA:3,2,1,18
BRF:7
BRH:7
end_of_record
TN:
SF:dist\src\config\swagger.js
FN:2,(anonymous_0)
FNF:1
FNH:1
FNDA:2,(anonymous_0)
DA:2,2
DA:3,2
DA:5,2
DA:6,2
DA:7,2
DA:254,2
DA:255,2
LF:7
LH:7
BRDA:2,0,0,2
BRDA:2,0,1,2
BRDA:2,0,2,2
BRDA:3,1,0,0
BRDA:3,1,1,2
BRDA:3,2,0,2
BRDA:3,2,1,2
BRF:7
BRH:6
end_of_record
TN:
SF:dist\src\controllers\auth.controller.js
FN:2,(anonymous_0)
FN:6,(anonymous_1)
FN:9,(anonymous_2)
FN:13,(anonymous_3)
FN:15,(anonymous_4)
FN:18,(anonymous_5)
FN:19,(anonymous_6)
FN:20,(anonymous_7)
FN:27,(anonymous_8)
FN:39,(anonymous_9)
FN:50,(anonymous_10)
FN:63,(anonymous_11)
FN:72,(anonymous_12)
FN:82,(anonymous_13)
FNF:14
FNH:6
FNDA:0,(anonymous_0)
FNDA:0,(anonymous_1)
FNDA:0,(anonymous_2)
FNDA:0,(anonymous_3)
FNDA:0,(anonymous_4)
FNDA:2,(anonymous_5)
FNDA:0,(anonymous_6)
FNDA:0,(anonymous_7)
FNDA:2,(anonymous_8)
FNDA:50,(anonymous_9)
FNDA:33,(anonymous_10)
FNDA:1,(anonymous_11)
FNDA:5,(anonymous_12)
FNDA:0,(anonymous_13)
DA:2,2
DA:3,0
DA:4,0
DA:5,0
DA:6,0
DA:8,0
DA:10,0
DA:11,0
DA:13,2
DA:14,0
DA:16,0
DA:18,2
DA:19,2
DA:20,0
DA:21,0
DA:22,0
DA:23,0
DA:25,0
DA:27,2
DA:28,2
DA:29,0
DA:30,0
DA:31,0
DA:32,0
DA:35,2
DA:36,2
DA:37,2
DA:39,2
DA:40,50
DA:41,50
DA:42,49
DA:48,2
DA:50,2
DA:51,33
DA:52,33
DA:53,31
DA:61,2
DA:63,2
DA:64,1
DA:66,1
DA:71,2
DA:72,2
DA:73,5
DA:74,5
DA:75,2
DA:81,2
DA:82,2
DA:83,0
DA:84,0
DA:85,0
DA:90,2
LF:51
LH:30
BRDA:2,0,0,2
BRDA:2,0,1,2
BRDA:2,0,2,2
BRDA:2,1,0,2
BRDA:2,1,1,0
BRDA:3,2,0,0
BRDA:3,2,1,0
BRDA:5,3,0,0
BRDA:5,3,1,0
BRDA:5,4,0,0
BRDA:5,4,1,0
BRDA:5,5,0,0
BRDA:5,5,1,0
BRDA:5,6,0,0
BRDA:5,6,1,0
BRDA:10,7,0,0
BRDA:10,7,1,0
BRDA:13,8,0,2
BRDA:13,8,1,2
BRDA:13,8,2,2
BRDA:13,9,0,2
BRDA:13,9,1,0
BRDA:18,10,0,2
BRDA:18,10,1,2
BRDA:18,10,2,2
BRDA:20,11,0,0
BRDA:20,11,1,0
BRDA:22,12,0,0
BRDA:22,12,1,0
BRDA:28,13,0,2
BRDA:28,13,1,0
BRDA:28,14,0,2
BRDA:28,14,1,2
BRDA:30,15,0,0
BRDA:30,15,1,0
BRDA:30,16,0,0
BRDA:30,16,1,0
BRF:37
BRH:14
end_of_record
TN:
SF:dist\src\controllers\user.controller.js
FN:3,(anonymous_0)
FN:7,(anonymous_1)
FN:10,(anonymous_2)
FN:14,(anonymous_3)
FN:16,(anonymous_4)
FN:19,(anonymous_5)
FN:20,(anonymous_6)
FN:21,(anonymous_7)
FN:28,(anonymous_8)
FN:39,(anonymous_9)
FN:56,(anonymous_10)
FN:70,(anonymous_11)
FN:78,(anonymous_12)
FN:89,(anonymous_13)
FNF:14
FNH:7
FNDA:0,(anonymous_0)
FNDA:0,(anonymous_1)
FNDA:0,(anonymous_2)
FNDA:0,(anonymous_3)
FNDA:0,(anonymous_4)
FNDA:2,(anonymous_5)
FNDA:0,(anonymous_6)
FNDA:0,(anonymous_7)
FNDA:2,(anonymous_8)
FNDA:6,(anonymous_9)
FNDA:3,(anonymous_10)
FNDA:1,(anonymous_11)
FNDA:2,(anonymous_12)
FNDA:3,(anonymous_13)
DA:3,2
DA:4,0
DA:5,0
DA:6,0
DA:7,0
DA:9,0
DA:11,0
DA:12,0
DA:14,2
DA:15,0
DA:17,0
DA:19,2
DA:20,2
DA:21,0
DA:22,0
DA:23,0
DA:24,0
DA:26,0
DA:28,2
DA:29,2
DA:30,0
DA:31,0
DA:32,0
DA:33,0
DA:36,2
DA:37,2
DA:38,2
DA:39,2
DA:40,6
DA:47,6
DA:48,6
DA:55,2
DA:56,2
DA:57,3
DA:58,3
DA:59,2
DA:61,2
DA:70,2
DA:71,1
DA:72,1
DA:73,1
DA:74,1
DA:75,1
DA:77,2
DA:78,2
DA:79,2
DA:80,2
DA:81,2
DA:82,1
DA:88,2
DA:89,2
DA:90,3
DA:91,3
DA:92,2
DA:97,2
LF:55
LH:37
BRDA:3,0,0,2
BRDA:3,0,1,2
BRDA:3,0,2,2
BRDA:3,1,0,2
BRDA:3,1,1,0
BRDA:4,2,0,0
BRDA:4,2,1,0
BRDA:6,3,0,0
BRDA:6,3,1,0
BRDA:6,4,0,0
BRDA:6,4,1,0
BRDA:6,5,0,0
BRDA:6,5,1,0
BRDA:6,6,0,0
BRDA:6,6,1,0
BRDA:11,7,0,0
BRDA:11,7,1,0
BRDA:14,8,0,2
BRDA:14,8,1,2
BRDA:14,8,2,2
BRDA:14,9,0,2
BRDA:14,9,1,0
BRDA:19,10,0,2
BRDA:19,10,1,2
BRDA:19,10,2,2
BRDA:21,11,0,0
BRDA:21,11,1,0
BRDA:23,12,0,0
BRDA:23,12,1,0
BRDA:29,13,0,2
BRDA:29,13,1,0
BRDA:29,14,0,2
BRDA:29,14,1,2
BRDA:31,15,0,0
BRDA:31,15,1,0
BRDA:31,16,0,0
BRDA:31,16,1,0
BRF:37
BRH:14
end_of_record
TN:
SF:dist\src\generated\prisma\client.js
FN:12,(anonymous_0)
FN:16,(anonymous_1)
FN:19,(anonymous_2)
FN:23,(anonymous_3)
FN:25,(anonymous_4)
FN:28,(anonymous_5)
FN:29,(anonymous_6)
FN:30,(anonymous_7)
FN:37,(anonymous_8)
FN:45,(anonymous_9)
FNF:10
FNH:4
FNDA:2,(anonymous_0)
FNDA:0,(anonymous_1)
FNDA:0,(anonymous_2)
FNDA:0,(anonymous_3)
FNDA:0,(anonymous_4)
FNDA:2,(anonymous_5)
FNDA:0,(anonymous_6)
FNDA:0,(anonymous_7)
FNDA:6,(anonymous_8)
FNDA:2,(anonymous_9)
DA:12,2
DA:13,2
DA:14,2
DA:15,2
DA:16,2
DA:18,2
DA:20,0
DA:21,0
DA:23,2
DA:24,0
DA:26,0
DA:28,2
DA:29,2
DA:30,0
DA:31,0
DA:32,0
DA:33,0
DA:35,0
DA:37,2
DA:38,6
DA:39,0
DA:40,0
DA:41,0
DA:42,0
DA:45,2
DA:46,2
DA:48,2
DA:49,2
DA:50,2
DA:51,2
DA:52,2
DA:53,2
DA:54,2
DA:70,2
LF:34
LH:21
BRDA:12,0,0,2
BRDA:12,0,1,2
BRDA:12,0,2,2
BRDA:12,1,0,2
BRDA:12,1,1,0
BRDA:13,2,0,2
BRDA:13,2,1,0
BRDA:15,3,0,2
BRDA:15,3,1,0
BRDA:15,4,0,2
BRDA:15,4,1,2
BRDA:15,5,0,0
BRDA:15,5,1,2
BRDA:15,6,0,2
BRDA:15,6,1,0
BRDA:20,7,0,0
BRDA:20,7,1,0
BRDA:23,8,0,2
BRDA:23,8,1,2
BRDA:23,8,2,2
BRDA:23,9,0,2
BRDA:23,9,1,0
BRDA:28,10,0,2
BRDA:28,10,1,2
BRDA:28,10,2,2
BRDA:30,11,0,0
BRDA:30,11,1,0
BRDA:32,12,0,0
BRDA:32,12,1,0
BRDA:38,13,0,6
BRDA:38,13,1,0
BRDA:38,14,0,6
BRDA:38,14,1,6
BRDA:40,15,0,0
BRDA:40,15,1,0
BRDA:40,16,0,0
BRDA:40,16,1,0
BRDA:45,17,0,2
BRDA:45,17,1,2
BRDA:45,17,2,2
BRDA:46,18,0,2
BRDA:46,18,1,0
BRDA:46,19,0,2
BRDA:46,19,1,2
BRF:44
BRH:26
end_of_record
TN:
SF:dist\src\generated\prisma\enums.js
FNF:0
FNH:0
DA:11,2
DA:12,2
DA:13,2
LF:3
LH:3
BRF:0
BRH:0
end_of_record
TN:
SF:dist\src\generated\prisma\internal\class.js
FN:13,(anonymous_0)
FN:17,(anonymous_1)
FN:20,(anonymous_2)
FN:24,(anonymous_3)
FN:26,(anonymous_4)
FN:29,(anonymous_5)
FN:30,(anonymous_6)
FN:31,(anonymous_7)
FN:38,(anonymous_8)
FN:70,decodeBase64AsWasm
FN:71,(anonymous_10)
FN:76,(anonymous_11)
FN:76,(anonymous_12)
FN:77,(anonymous_13)
FN:78,(anonymous_14)
FN:83,getPrismaClientClass
FNF:16
FNH:13
FNDA:15,(anonymous_0)
FNDA:2,(anonymous_1)
FNDA:0,(anonymous_2)
FNDA:2,(anonymous_3)
FNDA:0,(anonymous_4)
FNDA:2,(anonymous_5)
FNDA:1,(anonymous_6)
FNDA:0,(anonymous_7)
FNDA:5,(anonymous_8)
FNDA:1,decodeBase64AsWasm
FNDA:1,(anonymous_10)
FNDA:1,(anonymous_11)
FNDA:1,(anonymous_12)
FNDA:1,(anonymous_13)
FNDA:1,(anonymous_14)
FNDA:2,getPrismaClientClass
DA:13,2
DA:14,15
DA:15,15
DA:16,15
DA:17,14
DA:19,15
DA:21,0
DA:22,0
DA:24,2
DA:25,2
DA:27,0
DA:29,2
DA:30,2
DA:31,1
DA:32,0
DA:33,0
DA:34,0
DA:36,1
DA:38,2
DA:39,5
DA:40,2
DA:41,15
DA:42,2
DA:43,2
DA:46,2
DA:47,2
DA:48,2
DA:49,2
DA:65,2
DA:66,2
DA:71,1
DA:72,1
DA:73,1
DA:75,2
DA:76,1
DA:78,1
DA:79,1
DA:84,2
LF:38
LH:32
BRDA:13,0,0,2
BRDA:13,0,1,2
BRDA:13,0,2,2
BRDA:13,1,0,2
BRDA:13,1,1,0
BRDA:14,2,0,15
BRDA:14,2,1,0
BRDA:16,3,0,14
BRDA:16,3,1,1
BRDA:16,4,0,15
BRDA:16,4,1,15
BRDA:16,5,0,1
BRDA:16,5,1,14
BRDA:16,6,0,14
BRDA:16,6,1,1
BRDA:21,7,0,0
BRDA:21,7,1,0
BRDA:24,8,0,2
BRDA:24,8,1,2
BRDA:24,8,2,2
BRDA:24,9,0,2
BRDA:24,9,1,0
BRDA:29,10,0,2
BRDA:29,10,1,2
BRDA:29,10,2,2
BRDA:31,11,0,1
BRDA:31,11,1,0
BRDA:33,12,0,0
BRDA:33,12,1,0
BRDA:39,13,0,3
BRDA:39,13,1,2
BRDA:39,14,0,5
BRDA:39,14,1,5
BRDA:41,15,0,2
BRDA:41,15,1,0
BRDA:41,16,0,15
BRDA:41,16,1,0
BRF:37
BRH:27
end_of_record
TN:
SF:dist\src\generated\prisma\internal\prismaNamespace.js
FN:17,(anonymous_0)
FN:21,(anonymous_1)
FN:24,(anonymous_2)
FN:28,(anonymous_3)
FN:30,(anonymous_4)
FN:33,(anonymous_5)
FN:34,(anonymous_6)
FN:35,(anonymous_7)
FN:42,(anonymous_8)
FNF:9
FNH:2
FNDA:0,(anonymous_0)
FNDA:0,(anonymous_1)
FNDA:0,(anonymous_2)
FNDA:0,(anonymous_3)
FNDA:0,(anonymous_4)
FNDA:2,(anonymous_5)
FNDA:0,(anonymous_6)
FNDA:0,(anonymous_7)
FNDA:2,(anonymous_8)
DA:17,2
DA:18,0
DA:19,0
DA:20,0
DA:21,0
DA:23,0
DA:25,0
DA:26,0
DA:28,2
DA:29,0
DA:31,0
DA:33,2
DA:34,2
DA:35,0
DA:36,0
DA:37,0
DA:38,0
DA:40,0
DA:42,2
DA:43,2
DA:44,0
DA:45,0
DA:46,0
DA:47,0
DA:50,2
DA:51,2
DA:52,2
DA:56,2
DA:57,2
DA:58,2
DA:59,2
DA:60,2
DA:64,2
DA:65,2
DA:66,2
DA:67,2
DA:68,2
DA:72,2
DA:73,2
DA:78,2
DA:82,2
DA:92,2
DA:98,2
DA:104,2
DA:105,2
DA:112,2
DA:118,2
DA:127,2
DA:135,2
DA:139,2
DA:143,2
DA:147,2
LF:52
LH:34
BRDA:17,0,0,2
BRDA:17,0,1,2
BRDA:17,0,2,2
BRDA:17,1,0,2
BRDA:17,1,1,0
BRDA:18,2,0,0
BRDA:18,2,1,0
BRDA:20,3,0,0
BRDA:20,3,1,0
BRDA:20,4,0,0
BRDA:20,4,1,0
BRDA:20,5,0,0
BRDA:20,5,1,0
BRDA:20,6,0,0
BRDA:20,6,1,0
BRDA:25,7,0,0
BRDA:25,7,1,0
BRDA:28,8,0,2
BRDA:28,8,1,2
BRDA:28,8,2,2
BRDA:28,9,0,2
BRDA:28,9,1,0
BRDA:33,10,0,2
BRDA:33,10,1,2
BRDA:33,10,2,2
BRDA:35,11,0,0
BRDA:35,11,1,0
BRDA:37,12,0,0
BRDA:37,12,1,0
BRDA:43,13,0,2
BRDA:43,13,1,0
BRDA:43,14,0,2
BRDA:43,14,1,2
BRDA:45,15,0,0
BRDA:45,15,1,0
BRDA:45,16,0,0
BRDA:45,16,1,0
BRF:37
BRH:14
end_of_record
TN:
SF:dist\src\lib\prisma.js
FNF:0
FNH:0
DA:3,2
DA:4,2
DA:5,2
DA:6,2
DA:8,2
DA:12,2
DA:16,2
LF:7
LH:7
BRF:0
BRH:0
end_of_record
TN:
SF:dist\src\middleware\authMiddleware.js
FN:11,(anonymous_0)
FN:22,(anonymous_1)
FN:25,(anonymous_2)
FNF:3
FNH:3
FNDA:4,(anonymous_0)
FNDA:28,(anonymous_1)
FNDA:32,(anonymous_2)
DA:11,2
DA:12,4
DA:14,2
DA:15,2
DA:16,2
DA:17,2
DA:18,2
DA:19,0
DA:22,2
DA:23,28
DA:25,2
DA:26,32
DA:27,32
DA:28,3
DA:30,29
DA:31,29
DA:32,0
DA:34,29
DA:35,29
DA:36,28
DA:40,0
DA:43,28
DA:44,28
DA:45,28
DA:48,1
DA:49,0
DA:51,1
DA:54,2
LF:28
LH:24
BRDA:11,0,0,2
BRDA:11,0,1,2
BRDA:11,0,2,2
BRDA:12,1,0,2
BRDA:12,1,1,2
BRDA:12,2,0,4
BRDA:12,2,1,4
BRDA:18,3,0,0
BRDA:18,3,1,2
BRDA:23,4,0,28
BRDA:23,4,1,20
BRDA:27,5,0,3
BRDA:27,5,1,29
BRDA:31,6,0,0
BRDA:31,6,1,29
BRDA:31,7,0,29
BRDA:31,7,1,29
BRDA:36,8,0,0
BRDA:36,8,1,28
BRDA:36,9,0,28
BRDA:36,9,1,28
BRDA:36,9,2,28
BRDA:36,9,3,28
BRDA:48,10,0,0
BRDA:48,10,1,1
BRF:25
BRH:21
end_of_record
TN:
SF:dist\src\middleware\authorizeRoles.js
FN:2,(anonymous_0)
FN:7,(anonymous_1)
FN:8,(anonymous_2)
FNF:3
FNH:3
FNDA:2,(anonymous_0)
FNDA:4,(anonymous_1)
FNDA:15,(anonymous_2)
DA:2,2
DA:3,2
DA:5,2
DA:6,2
DA:7,2
DA:8,4
DA:9,15
DA:10,0
DA:12,15
DA:13,2
DA:15,13
DA:18,2
LF:12
LH:11
BRDA:2,0,0,2
BRDA:2,0,1,2
BRDA:2,0,2,2
BRDA:3,1,0,2
BRDA:3,1,1,0
BRDA:3,2,0,2
BRDA:3,2,1,2
BRDA:9,3,0,0
BRDA:9,3,1,15
BRDA:12,4,0,2
BRDA:12,4,1,13
BRF:11
BRH:9
end_of_record
TN:
SF:dist\src\middleware\authorizeSelfOrAdmin.js
FN:2,(anonymous_0)
FN:7,(anonymous_1)
FNF:2
FNH:2
FNDA:2,(anonymous_0)
FNDA:9,(anonymous_1)
DA:2,2
DA:3,2
DA:5,2
DA:6,2
DA:7,2
DA:8,9
DA:9,0
DA:11,9
DA:12,9
DA:13,4
DA:14,4
DA:16,5
DA:17,2
DA:19,3
DA:21,2
LF:15
LH:14
BRDA:2,0,0,2
BRDA:2,0,1,2
BRDA:2,0,2,2
BRDA:3,1,0,2
BRDA:3,1,1,0
BRDA:3,2,0,2
BRDA:3,2,1,2
BRDA:8,3,0,0
BRDA:8,3,1,9
BRDA:8,4,0,9
BRDA:8,4,1,9
BRDA:12,5,0,4
BRDA:12,5,1,5
BRDA:16,6,0,2
BRDA:16,6,1,3
BRF:15
BRH:13
end_of_record
TN:
SF:dist\src\middleware\errorHandler.js
FN:3,(anonymous_0)
FN:11,(anonymous_1)
FN:70,(anonymous_2)
FNF:3
FNH:3
FNDA:2,(anonymous_0)
FNDA:19,(anonymous_1)
FNDA:3,(anonymous_2)
DA:3,2
DA:4,2
DA:6,2
DA:7,2
DA:8,2
DA:9,2
DA:11,2
DA:13,19
DA:14,16
DA:18,16
DA:21,3
DA:23,2
DA:24,1
DA:28,1
DA:31,1
DA:32,1
DA:36,1
DA:40,1
DA:41,0
DA:45,0
DA:66,1
DA:67,1
DA:70,3
DA:75,1
DA:78,0
DA:79,0
DA:84,2
LF:27
LH:23
BRDA:3,0,0,2
BRDA:3,0,1,2
BRDA:3,0,2,2
BRDA:4,1,0,2
BRDA:4,1,1,0
BRDA:4,2,0,2
BRDA:4,2,1,2
BRDA:13,3,0,16
BRDA:13,3,1,3
BRDA:21,4,0,2
BRDA:21,4,1,1
BRDA:23,5,0,1
BRDA:23,5,1,1
BRDA:31,6,0,1
BRDA:31,6,1,0
BRDA:40,7,0,0
BRDA:40,7,1,1
BRDA:66,8,0,1
BRDA:66,8,1,0
BRF:19
BRH:15
end_of_record
TN:
SF:dist\src\middleware\validate.js
FN:4,(anonymous_0)
FN:5,(anonymous_1)
FNF:2
FNH:2
FNDA:6,(anonymous_0)
FNDA:85,(anonymous_1)
DA:3,2
DA:4,2
DA:5,6
DA:6,85
DA:7,84
DA:8,84
DA:11,2
LF:7
LH:7
BRF:0
BRH:0
end_of_record
TN:
SF:dist\src\middleware\validateQuery.js
FN:3,(anonymous_0)
FN:4,(anonymous_1)
FNF:2
FNH:2
FNDA:2,(anonymous_0)
FNDA:10,(anonymous_1)
DA:2,2
DA:3,2
DA:4,2
DA:6,10
DA:7,10
DA:8,4
DA:13,4
DA:16,6
DA:17,6
DA:20,2
LF:10
LH:10
BRDA:7,0,0,4
BRDA:7,0,1,6
BRF:2
BRH:2
end_of_record
TN:
SF:dist\src\middleware\validateRefreshToken.js
FN:10,(anonymous_0)
FN:15,(anonymous_1)
FNF:2
FNH:2
FNDA:2,(anonymous_0)
FNDA:5,(anonymous_1)
DA:10,2
DA:11,2
DA:13,2
DA:14,2
DA:15,2
DA:16,5
DA:17,5
DA:19,0
DA:21,5
DA:23,2
LF:10
LH:9
BRDA:10,0,0,2
BRDA:10,0,1,2
BRDA:10,0,2,2
BRDA:11,1,0,2
BRDA:11,1,1,0
BRDA:11,2,0,2
BRDA:11,2,1,2
BRDA:17,3,0,0
BRDA:17,3,1,5
BRDA:17,4,0,5
BRDA:17,4,1,5
BRF:11
BRH:9
end_of_record
TN:
SF:dist\src\middleware\validateRole.js
FN:2,(anonymous_0)
FN:7,(anonymous_1)
FNF:2
FNH:2
FNDA:2,(anonymous_0)
FNDA:3,(anonymous_1)
DA:2,2
DA:3,2
DA:5,2
DA:6,2
DA:7,2
DA:8,3
DA:9,3
DA:10,3
DA:11,1
DA:13,2
DA:15,2
LF:11
LH:11
BRDA:2,0,0,2
BRDA:2,0,1,2
BRDA:2,0,2,2
BRDA:3,1,0,2
BRDA:3,1,1,0
BRDA:3,2,0,2
BRDA:3,2,1,2
BRDA:10,3,0,1
BRDA:10,3,1,2
BRDA:10,4,0,3
BRDA:10,4,1,3
BRF:11
BRH:10
end_of_record
TN:
SF:dist\src\middleware\validateUserId.js
FN:4,(anonymous_0)
FNF:1
FNH:1
FNDA:16,(anonymous_0)
DA:3,2
DA:4,2
DA:5,16
DA:6,16
DA:7,3
DA:11,3
DA:13,13
DA:15,2
LF:8
LH:8
BRDA:6,0,0,3
BRDA:6,0,1,13
BRDA:6,1,0,16
BRDA:6,1,1,13
BRF:4
BRH:4
end_of_record
TN:
SF:dist\src\routes\auth.routes.js
FN:2,(anonymous_0)
FNF:1
FNH:1
FNDA:8,(anonymous_0)
DA:2,2
DA:3,8
DA:5,2
DA:6,2
DA:7,2
DA:8,2
DA:11,2
DA:12,2
DA:13,2
DA:14,2
DA:15,2
DA:48,2
DA:83,2
DA:84,2
DA:85,2
DA:117,2
DA:118,2
LF:17
LH:17
BRDA:2,0,0,2
BRDA:2,0,1,2
BRDA:2,0,2,2
BRDA:3,1,0,8
BRDA:3,1,1,0
BRDA:3,2,0,8
BRDA:3,2,1,8
BRF:7
BRH:6
end_of_record
TN:
SF:dist\src\routes\user.routes.js
FN:6,(anonymous_0)
FNF:1
FNH:1
FNDA:16,(anonymous_0)
DA:6,2
DA:7,16
DA:9,2
DA:10,2
DA:11,2
DA:13,2
DA:14,2
DA:15,2
DA:17,2
DA:18,2
DA:19,2
DA:20,2
DA:21,2
DA:22,2
DA:24,2
DA:113,2
DA:174,2
DA:252,2
DA:331,2
DA:390,2
DA:392,2
LF:21
LH:21
BRDA:6,0,0,2
BRDA:6,0,1,2
BRDA:6,0,2,2
BRDA:7,1,0,16
BRDA:7,1,1,0
BRDA:7,2,0,16
BRDA:7,2,1,16
BRF:7
BRH:6
end_of_record
TN:
SF:dist\src\schemas\auth.schema.js
FNF:0
FNH:0
DA:2,2
DA:3,2
DA:4,2
DA:5,2
DA:19,2
LF:5
LH:5
BRF:0
BRH:0
end_of_record
TN:
SF:dist\src\schemas\user.schema.js
FN:23,(anonymous_0)
FNF:1
FNH:1
FNDA:1,(anonymous_0)
DA:2,2
DA:3,2
DA:4,2
DA:5,2
DA:23,1
DA:28,2
LF:6
LH:6
BRDA:23,0,0,1
BRDA:23,0,1,0
BRF:2
BRH:1
end_of_record
TN:
SF:dist\src\services\auth.service.js
FN:2,(anonymous_0)
FN:13,(anonymous_1)
FN:28,(anonymous_2)
FN:66,(anonymous_3)
FN:80,(anonymous_4)
FN:132,(anonymous_5)
FNF:6
FNH:5
FNDA:6,(anonymous_0)
FNDA:50,(anonymous_1)
FNDA:33,(anonymous_2)
FNDA:1,(anonymous_3)
FNDA:5,(anonymous_4)
FNDA:0,(anonymous_5)
DA:2,2
DA:3,6
DA:5,2
DA:6,2
DA:7,2
DA:8,2
DA:9,2
DA:10,2
DA:11,2
DA:13,2
DA:14,50
DA:15,50
DA:23,49
DA:24,49
DA:26,2
DA:28,2
DA:29,33
DA:34,33
DA:35,1
DA:37,32
DA:38,32
DA:39,1
DA:41,31
DA:43,31
DA:45,31
DA:47,31
DA:49,31
DA:51,31
DA:58,31
DA:64,2
DA:66,2
DA:67,1
DA:72,1
DA:73,0
DA:75,1
DA:76,1
DA:78,2
DA:80,2
DA:81,5
DA:82,5
DA:90,5
DA:91,1
DA:93,4
DA:94,1
DA:96,3
DA:97,1
DA:100,2
DA:102,2
DA:104,2
DA:106,2
DA:109,2
DA:118,2
DA:125,2
DA:130,2
DA:132,2
DA:133,0
DA:134,0
DA:139,0
DA:140,0
DA:142,0
DA:143,0
DA:145,0
DA:154,2
LF:63
LH:55
BRDA:2,0,0,2
BRDA:2,0,1,2
BRDA:2,0,2,2
BRDA:3,1,0,4
BRDA:3,1,1,2
BRDA:3,2,0,6
BRDA:3,2,1,6
BRDA:34,3,0,1
BRDA:34,3,1,32
BRDA:38,4,0,1
BRDA:38,4,1,31
BRDA:72,5,0,0
BRDA:72,5,1,1
BRDA:90,6,0,1
BRDA:90,6,1,4
BRDA:93,7,0,1
BRDA:93,7,1,3
BRDA:96,8,0,1
BRDA:96,8,1,2
BRDA:139,9,0,0
BRDA:139,9,1,0
BRDA:142,10,0,0
BRDA:142,10,1,0
BRF:23
BRH:18
end_of_record
TN:
SF:dist\src\services\user.service.js
FN:2,(anonymous_0)
FN:9,(anonymous_1)
FN:53,(anonymous_2)
FN:66,(anonymous_3)
FN:81,(anonymous_4)
FN:113,(anonymous_5)
FN:127,(anonymous_6)
FNF:7
FNH:7
FNDA:4,(anonymous_0)
FNDA:6,(anonymous_1)
FNDA:10,(anonymous_2)
FNDA:3,(anonymous_3)
FNDA:1,(anonymous_4)
FNDA:2,(anonymous_5)
FNDA:3,(anonymous_6)
DA:2,2
DA:3,4
DA:5,2
DA:6,2
DA:7,2
DA:8,2
DA:9,2
DA:13,6
DA:15,6
DA:17,6
DA:39,6
DA:53,10
DA:55,6
DA:65,2
DA:66,2
DA:68,3
DA:72,3
DA:73,1
DA:76,2
DA:78,2
DA:80,2
DA:81,2
DA:83,1
DA:87,1
DA:88,0
DA:91,1
DA:92,1
DA:97,1
DA:98,0
DA:102,1
DA:107,1
DA:109,1
DA:111,2
DA:113,2
DA:114,2
DA:122,1
DA:123,1
DA:125,2
DA:127,2
DA:128,3
DA:131,3
DA:132,1
DA:134,2
DA:140,2
LF:44
LH:42
BRDA:2,0,0,2
BRDA:2,0,1,2
BRDA:2,0,2,2
BRDA:3,1,0,4
BRDA:3,1,1,0
BRDA:3,2,0,4
BRDA:3,2,1,4
BRDA:13,3,0,0
BRDA:13,4,0,0
BRDA:18,5,0,6
BRDA:18,5,1,1
BRDA:34,6,0,6
BRDA:34,6,1,1
BRDA:72,7,0,1
BRDA:72,7,1,2
BRDA:87,8,0,0
BRDA:87,8,1,1
BRDA:91,9,0,1
BRDA:91,9,1,0
BRDA:91,10,0,1
BRDA:91,10,1,1
BRDA:97,11,0,0
BRDA:97,11,1,1
BRDA:131,12,0,1
BRDA:131,12,1,2
BRF:25
BRH:19
end_of_record
TN:
SF:dist\src\utils\AppError.js
FN:4,(anonymous_0)
FNF:1
FNH:1
FNDA:16,(anonymous_0)
DA:2,2
DA:5,16
DA:6,16
DA:7,16
DA:10,2
LF:5
LH:5
BRF:0
BRH:0
end_of_record
TN:
SF:dist\src\utils\asyncHandler.js
FN:5,(anonymous_0)
FN:7,(anonymous_1)
FNF:2
FNH:2
FNDA:20,(anonymous_0)
FNDA:104,(anonymous_1)
DA:4,2
DA:5,2
DA:7,20
DA:8,104
DA:12,2
LF:5
LH:5
BRF:0
BRH:0
end_of_record
TN:
SF:dist\src\utils\jwt.js
FN:3,(anonymous_0)
FN:13,(anonymous_1)
FNF:2
FNH:2
FNDA:2,(anonymous_0)
FNDA:33,(anonymous_1)
DA:3,2
DA:4,2
DA:6,2
DA:7,2
DA:8,2
DA:9,2
DA:10,2
DA:11,0
DA:13,2
DA:14,33
DA:18,2
LF:11
LH:10
BRDA:3,0,0,2
BRDA:3,0,1,2
BRDA:3,0,2,2
BRDA:4,1,0,0
BRDA:4,1,1,2
BRDA:4,2,0,2
BRDA:4,2,1,2
BRDA:10,3,0,0
BRDA:10,3,1,2
BRF:9
BRH:7
end_of_record
TN:
SF:dist\src\utils\refreshToken.js
FN:2,(anonymous_0)
FN:8,(anonymous_1)
FN:12,(anonymous_2)
FNF:3
FNH:3
FNDA:2,(anonymous_0)
FNDA:34,(anonymous_1)
FNDA:39,(anonymous_2)
DA:2,2
DA:3,2
DA:5,2
DA:6,2
DA:7,2
DA:8,2
DA:9,34
DA:11,2
DA:12,2
DA:13,39
DA:18,2
LF:11
LH:11
BRDA:2,0,0,2
BRDA:2,0,1,2
BRDA:2,0,2,2
BRDA:3,1,0,0
BRDA:3,1,1,2
BRDA:3,2,0,2
BRDA:3,2,1,2
BRF:7
BRH:6
end_of_record
TN:
SF:src\app.ts
FNF:0
FNH:0
DA:1,2
DA:2,2
DA:3,2
DA:4,2
DA:6,2
DA:7,2
DA:8,2
DA:10,2
DA:11,2
DA:13,2
DA:16,2
DA:19,2
DA:26,2
DA:33,2
DA:37,2
DA:38,2
DA:40,2
DA:43,2
DA:46,2
LF:19
LH:19
BRF:0
BRH:0
end_of_record
TN:
SF:src\config\swagger.ts
FNF:0
FNH:0
DA:1,2
DA:3,2
DA:259,2
DA:261,2
LF:4
LH:4
BRF:0
BRH:0
end_of_record
TN:
SF:src\controllers\auth.controller.ts
FN:6,(anonymous_9)
FN:23,(anonymous_10)
FN:45,(anonymous_11)
FN:60,(anonymous_12)
FN:79,(anonymous_13)
FNF:5
FNH:4
FNDA:50,(anonymous_9)
FNDA:33,(anonymous_10)
FNDA:1,(anonymous_11)
FNDA:5,(anonymous_12)
FNDA:0,(anonymous_13)
DA:2,2
DA:6,2
DA:11,50
DA:13,50
DA:15,49
DA:23,2
DA:28,33
DA:30,33
DA:35,31
DA:45,2
DA:49,1
DA:53,1
DA:60,2
DA:64,5
DA:67,5
DA:71,2
DA:79,2
DA:83,0
DA:85,0
DA:89,0
LF:20
LH:17
BRF:0
BRH:0
end_of_record
TN:
SF:src\controllers\user.controller.ts
FN:9,(anonymous_9)
FN:36,(anonymous_10)
FN:60,(anonymous_11)
FN:72,(anonymous_12)
FN:93,(anonymous_13)
FNF:5
FNH:5
FNDA:6,(anonymous_9)
FNDA:3,(anonymous_10)
FNDA:1,(anonymous_11)
FNDA:2,(anonymous_12)
FNDA:3,(anonymous_13)
DA:4,2
DA:9,2
DA:14,6
DA:24,6
DA:26,6
DA:36,2
DA:38,3
DA:40,3
DA:42,2
DA:60,2
DA:62,1
DA:63,1
DA:65,1
DA:67,1
DA:72,2
DA:76,2
DA:78,2
DA:80,2
DA:85,1
DA:93,2
DA:95,3
DA:97,3
DA:99,2
DA:105,2
LF:24
LH:24
BRF:0
BRH:0
end_of_record
TN:
SF:src\generated\prisma\client.ts
FNF:0
FNH:0
DA:18,4
DA:19,4
DA:21,4
DA:22,4
DA:38,4
DA:40,4
LF:6
LH:6
BRF:0
BRH:0
end_of_record
TN:
SF:src\generated\prisma\enums.ts
FNF:0
FNH:0
DA:12,4
LF:1
LH:1
BRF:0
BRH:0
end_of_record
TN:
SF:src\generated\prisma\internal\class.ts
FN:41,decodeBase64AsWasm
FN:42,(anonymous_10)
FN:48,(anonymous_11)
FN:48,(anonymous_12)
FN:50,(anonymous_13)
FN:51,(anonymous_14)
FN:212,getPrismaClientClass
FNF:7
FNH:7
FNDA:3,decodeBase64AsWasm
FNDA:3,(anonymous_10)
FNDA:3,(anonymous_11)
FNDA:3,(anonymous_12)
FNDA:3,(anonymous_13)
FNDA:3,(anonymous_14)
FNDA:4,getPrismaClientClass
DA:14,4
DA:18,4
DA:35,4
DA:36,4
DA:42,6
DA:43,3
DA:44,3
DA:47,4
DA:48,6
DA:51,6
DA:52,3
DA:212,4
DA:213,4
LF:13
LH:13
BRF:0
BRH:0
end_of_record
TN:
SF:src\generated\prisma\internal\prismaNamespace.ts
FNF:0
FNH:0
DA:18,4
DA:32,4
DA:35,4
DA:38,4
DA:41,4
DA:44,4
DA:50,4
DA:51,4
DA:52,4
DA:53,4
DA:54,4
DA:62,4
DA:71,4
DA:86,4
DA:104,4
DA:114,4
DA:121,4
DA:128,4
DA:399,4
DA:598,4
DA:608,4
DA:621,4
DA:633,4
DA:641,4
DA:649,4
DA:739,4
LF:26
LH:26
BRF:0
BRH:0
end_of_record
TN:
SF:src\lib\prisma.ts
FNF:0
FNH:0
DA:3,4
DA:4,4
DA:5,4
DA:8,4
DA:13,4
DA:18,4
LF:6
LH:6
BRF:0
BRH:0
end_of_record
TN:
SF:src\middleware\authMiddleware.ts
FN:28,(anonymous_1)
FN:35,(anonymous_2)
FNF:2
FNH:2
FNDA:28,(anonymous_1)
FNDA:32,(anonymous_2)
DA:12,2
DA:13,2
DA:16,2
DA:18,2
DA:19,0
DA:28,2
DA:31,28
DA:35,2
DA:41,32
DA:43,32
DA:44,3
DA:47,29
DA:49,29
DA:50,0
DA:53,29
DA:54,29
DA:56,28
DA:62,0
DA:66,28
DA:67,28
DA:69,28
DA:71,1
DA:72,0
DA:75,1
DA:79,2
LF:25
LH:21
BRDA:18,0,0,0
BRDA:18,0,1,2
BRDA:31,1,0,28
BRDA:31,1,1,20
BRDA:43,2,0,3
BRDA:43,2,1,29
BRDA:49,3,0,0
BRDA:49,3,1,29
BRDA:49,4,0,29
BRDA:49,4,1,29
BRDA:56,5,0,0
BRDA:56,5,1,28
BRDA:57,6,0,28
BRDA:57,6,1,28
BRDA:57,6,2,28
BRDA:57,6,3,28
BRDA:71,7,0,0
BRDA:71,7,1,1
BRF:18
BRH:14
end_of_record
TN:
SF:src\middleware\authorizeRoles.ts
FN:5,(anonymous_1)
FN:8,(anonymous_2)
FNF:2
FNH:2
FNDA:4,(anonymous_1)
FNDA:15,(anonymous_2)
DA:3,2
DA:5,2
DA:8,4
DA:13,15
DA:14,0
DA:20,15
DA:21,2
DA:27,13
DA:31,2
LF:9
LH:8
BRDA:13,0,0,0
BRDA:13,0,1,15
BRDA:20,1,0,2
BRDA:20,1,1,13
BRF:4
BRH:3
end_of_record
TN:
SF:src\middleware\authorizeSelfOrAdmin.ts
FN:4,(anonymous_1)
FNF:1
FNH:1
FNDA:9,(anonymous_1)
DA:2,2
DA:4,2
DA:9,9
DA:10,0
DA:16,9
DA:18,9
DA:19,4
DA:20,4
DA:23,5
DA:24,2
DA:30,3
DA:33,2
LF:12
LH:11
BRDA:9,0,0,0
BRDA:9,0,1,9
BRDA:9,1,0,9
BRDA:9,1,1,9
BRDA:18,2,0,4
BRDA:18,2,1,5
BRDA:23,3,0,2
BRDA:23,3,1,3
BRF:8
BRH:7
end_of_record
TN:
SF:src\middleware\errorHandler.ts
FN:9,(anonymous_1)
FN:83,(anonymous_2)
FNF:2
FNH:2
FNDA:19,(anonymous_1)
FNDA:3,(anonymous_2)
DA:4,2
DA:5,2
DA:6,2
DA:9,2
DA:17,19
DA:18,16
DA:22,16
DA:26,3
DA:29,2
DA:30,1
DA:34,1
DA:38,1
DA:39,1
DA:43,1
DA:48,1
DA:51,0
DA:55,0
DA:79,1
DA:80,1
DA:83,3
DA:88,1
DA:92,0
DA:94,0
DA:100,2
LF:24
LH:20
BRDA:17,0,0,16
BRDA:17,0,1,3
BRDA:26,1,0,2
BRDA:26,1,1,1
BRDA:29,2,0,1
BRDA:29,2,1,1
BRDA:38,3,0,1
BRDA:38,3,1,0
BRDA:48,4,0,0
BRDA:48,4,1,1
BRDA:79,5,0,1
BRDA:79,5,1,0
BRF:12
BRH:9
end_of_record
TN:
SF:src\middleware\validate.ts
FN:10,(anonymous_0)
FN:13,(anonymous_1)
FNF:2
FNH:2
FNDA:6,(anonymous_0)
FNDA:85,(anonymous_1)
DA:10,2
DA:13,6
DA:19,85
DA:21,84
DA:23,84
DA:27,2
LF:6
LH:6
BRF:0
BRH:0
end_of_record
TN:
SF:src\middleware\validateQuery.ts
FN:9,(anonymous_0)
FN:12,(anonymous_1)
FNF:2
FNH:2
FNDA:2,(anonymous_0)
FNDA:10,(anonymous_1)
DA:9,2
DA:12,2
DA:19,10
DA:22,10
DA:23,4
DA:29,4
DA:33,6
DA:35,6
DA:39,2
LF:9
LH:9
BRDA:22,0,0,4
BRDA:22,0,1,6
BRF:2
BRH:2
end_of_record
TN:
SF:src\middleware\validateRefreshToken.ts
FN:18,(anonymous_1)
FNF:1
FNH:1
FNDA:5,(anonymous_1)
DA:16,2
DA:18,2
DA:23,5
DA:25,5
DA:29,0
DA:35,5
DA:38,2
LF:7
LH:6
BRDA:25,0,0,0
BRDA:25,0,1,5
BRDA:26,1,0,5
BRDA:26,1,1,5
BRF:4
BRH:3
end_of_record
TN:
SF:src\middleware\validateRole.ts
FN:5,(anonymous_1)
FNF:1
FNH:1
FNDA:3,(anonymous_1)
DA:2,2
DA:5,2
DA:10,3
DA:12,3
DA:14,3
DA:15,1
DA:21,2
DA:24,2
LF:8
LH:8
BRDA:14,0,0,1
BRDA:14,0,1,2
BRDA:14,1,0,3
BRDA:14,1,1,3
BRF:4
BRH:4
end_of_record
TN:
SF:src\middleware\validateUserId.ts
FN:13,(anonymous_0)
FNF:1
FNH:1
FNDA:16,(anonymous_0)
DA:13,2
DA:19,16
DA:21,16
DA:22,3
DA:26,3
DA:29,13
DA:32,2
LF:7
LH:7
BRDA:21,0,0,3
BRDA:21,0,1,13
BRDA:21,1,0,16
BRDA:21,1,1,13
BRF:4
BRH:4
end_of_record
TN:
SF:src\routes\auth.routes.ts
FNF:0
FNH:0
DA:1,2
DA:2,2
DA:3,2
DA:6,2
DA:8,2
DA:9,2
DA:10,2
DA:12,2
DA:46,2
DA:82,2
DA:84,2
DA:85,2
DA:118,2
DA:121,2
LF:14
LH:14
BRF:0
BRH:0
end_of_record
TN:
SF:src\routes\user.routes.ts
FNF:0
FNH:0
DA:6,2
DA:7,2
DA:9,2
DA:11,2
DA:13,2
DA:15,2
DA:16,2
DA:17,2
DA:18,2
DA:19,2
DA:21,2
DA:24,2
DA:116,2
DA:178,2
DA:260,2
DA:342,2
DA:402,2
DA:405,2
LF:18
LH:18
BRF:0
BRH:0
end_of_record
TN:
SF:src\schemas\auth.schema.ts
FNF:0
FNH:0
DA:1,2
DA:3,2
DA:21,2
LF:3
LH:3
BRF:0
BRH:0
end_of_record
TN:
SF:src\schemas\user.schema.ts
FN:22,(anonymous_0)
FNF:1
FNH:1
FNDA:1,(anonymous_0)
DA:1,2
DA:3,2
DA:23,1
DA:35,2
LF:4
LH:4
BRDA:23,0,0,1
BRDA:23,0,1,0
BRF:2
BRH:1
end_of_record
TN:
SF:src\services\auth.service.ts
FN:9,(anonymous_1)
FN:31,(anonymous_2)
FN:92,(anonymous_3)
FN:112,(anonymous_4)
FN:202,(anonymous_5)
FNF:5
FNH:4
FNDA:50,(anonymous_1)
FNDA:33,(anonymous_2)
FNDA:1,(anonymous_3)
FNDA:5,(anonymous_4)
FNDA:0,(anonymous_5)
DA:1,2
DA:2,2
DA:4,2
DA:5,2
DA:6,2
DA:9,2
DA:13,50
DA:15,50
DA:24,49
DA:26,49
DA:31,2
DA:36,33
DA:42,33
DA:43,1
DA:46,32
DA:51,32
DA:52,1
DA:55,31
DA:58,31
DA:64,31
DA:67,31
DA:70,31
DA:75,31
DA:83,31
DA:92,2
DA:95,1
DA:101,1
DA:102,0
DA:105,1
DA:107,1
DA:112,2
DA:116,5
DA:121,5
DA:130,5
DA:131,1
DA:137,4
DA:138,1
DA:144,3
DA:147,1
DA:154,2
DA:161,2
DA:165,2
DA:170,2
DA:176,2
DA:186,2
DA:194,2
DA:202,2
DA:205,0
DA:210,0
DA:216,0
DA:217,0
DA:223,0
DA:224,0
DA:230,0
LF:54
LH:46
BRDA:42,0,0,1
BRDA:42,0,1,32
BRDA:51,1,0,1
BRDA:51,1,1,31
BRDA:101,2,0,0
BRDA:101,2,1,1
BRDA:130,3,0,1
BRDA:130,3,1,4
BRDA:137,4,0,1
BRDA:137,4,1,3
BRDA:144,5,0,1
BRDA:144,5,1,2
BRDA:216,6,0,0
BRDA:216,6,1,0
BRDA:223,7,0,0
BRDA:223,7,1,0
BRF:16
BRH:11
end_of_record
TN:
SF:src\services\user.service.ts
FN:6,(anonymous_1)
FN:67,(anonymous_2)
FN:84,(anonymous_3)
FN:107,(anonymous_4)
FN:159,(anonymous_5)
FN:182,(anonymous_6)
FNF:6
FNH:6
FNDA:6,(anonymous_1)
FNDA:10,(anonymous_2)
FNDA:3,(anonymous_3)
FNDA:1,(anonymous_4)
FNDA:2,(anonymous_5)
FNDA:3,(anonymous_6)
DA:2,2
DA:3,2
DA:6,2
DA:20,6
DA:23,6
DA:26,6
DA:50,6
DA:66,6
DA:67,10
DA:71,6
DA:84,2
DA:87,3
DA:92,3
DA:93,1
DA:100,2
DA:103,2
DA:107,2
DA:113,1
DA:118,1
DA:119,0
DA:123,1
DA:126,1
DA:132,1
DA:133,0
DA:142,1
DA:151,1
DA:154,1
DA:159,2
DA:164,2
DA:176,1
DA:178,1
DA:182,2
DA:186,3
DA:190,3
DA:191,1
DA:194,2
LF:36
LH:34
BRDA:20,0,0,0
BRDA:20,1,0,0
BRDA:27,2,0,6
BRDA:27,2,1,1
BRDA:44,3,0,6
BRDA:44,3,1,1
BRDA:92,4,0,1
BRDA:92,4,1,2
BRDA:118,5,0,0
BRDA:118,5,1,1
BRDA:123,6,0,1
BRDA:123,6,1,0
BRDA:123,7,0,1
BRDA:123,7,1,1
BRDA:132,8,0,0
BRDA:132,8,1,1
BRDA:190,9,0,1
BRDA:190,9,1,2
BRF:18
BRH:13
end_of_record
TN:
SF:src\utils\AppError.ts
FN:5,(anonymous_0)
FNF:1
FNH:1
FNDA:16,(anonymous_0)
DA:6,16
DA:8,16
DA:10,16
DA:14,2
LF:4
LH:4
BRF:0
BRH:0
end_of_record
TN:
SF:src\utils\asyncHandler.ts
FN:13,(anonymous_0)
FN:16,(anonymous_1)
FNF:2
FNH:2
FNDA:20,(anonymous_0)
FNDA:104,(anonymous_1)
DA:13,2
DA:16,20
DA:21,104
DA:26,2
LF:4
LH:4
BRF:0
BRH:0
end_of_record
TN:
SF:src\utils\jwt.ts
FN:17,(anonymous_1)
FNF:1
FNH:1
FNDA:33,(anonymous_1)
DA:3,2
DA:6,2
DA:8,2
DA:9,0
DA:17,2
DA:18,33
LF:6
LH:5
BRDA:8,0,0,0
BRDA:8,0,1,2
BRF:2
BRH:1
end_of_record
TN:
SF:src\utils\refreshToken.ts
FN:3,(anonymous_1)
FN:7,(anonymous_2)
FNF:2
FNH:2
FNDA:34,(anonymous_1)
FNDA:39,(anonymous_2)
DA:1,2
DA:3,2
DA:4,34
DA:7,2
DA:10,39
LF:5
LH:5
BRF:0
BRH:0
end_of_record
